<?xml version="1.0" encoding="UTF-8"?>
<coverage generated="1712586101472" clover="3.2.0">
  <project timestamp="1712586101472" name="All files">
    <metrics statements="487" coveredstatements="487" conditionals="191" coveredconditionals="191" methods="86" coveredmethods="86" elements="764" coveredelements="764" complexity="0" loc="487" ncloc="487" packages="7" files="10" classes="10"/>
    <package name="src">
      <metrics statements="44" coveredstatements="44" conditionals="2" coveredconditionals="2" methods="12" coveredmethods="12"/>
      <file name="connection.ts" path="/Users/stephenisienyi/projects-js/auto-immutable/pkg/src/connection.ts">
        <metrics statements="26" coveredstatements="26" conditionals="2" coveredconditionals="2" methods="10" coveredmethods="10"/>
        <line num="3" count="2" type="stmt"/>
        <line num="7" count="2" type="stmt"/>
        <line num="9" count="2" type="stmt"/>
        <line num="10" count="12" type="stmt"/>
        <line num="11" count="12" type="stmt"/>
        <line num="12" count="12" type="stmt"/>
        <line num="17" count="12" type="stmt"/>
        <line num="18" count="12" type="stmt"/>
        <line num="20" count="30" type="stmt"/>
        <line num="21" count="1" type="stmt"/>
        <line num="22" count="2" type="stmt"/>
        <line num="23" count="2" type="stmt"/>
        <line num="24" count="2" type="stmt"/>
        <line num="25" count="2" type="stmt"/>
        <line num="26" count="2" type="stmt"/>
        <line num="28" count="2" type="stmt"/>
        <line num="29" count="2" type="stmt"/>
        <line num="30" count="19" type="stmt"/>
        <line num="32" count="2" type="stmt"/>
        <line num="33" count="2" type="cond" truecount="1" falsecount="0"/>
        <line num="34" count="3" type="stmt"/>
        <line num="38" count="2" type="stmt"/>
        <line num="39" count="2" type="stmt"/>
        <line num="46" count="6" type="stmt"/>
        <line num="50" count="28" type="cond" truecount="1" falsecount="0"/>
        <line num="51" count="24" type="stmt"/>
      </file>
      <file name="constants.ts" path="/Users/stephenisienyi/projects-js/auto-immutable/pkg/src/constants.ts">
        <metrics statements="9" coveredstatements="9" conditionals="0" coveredconditionals="0" methods="0" coveredmethods="0"/>
        <line num="1" count="5" type="stmt"/>
        <line num="2" count="5" type="stmt"/>
        <line num="3" count="5" type="stmt"/>
        <line num="4" count="5" type="stmt"/>
        <line num="5" count="5" type="stmt"/>
        <line num="6" count="5" type="stmt"/>
        <line num="7" count="5" type="stmt"/>
        <line num="8" count="5" type="stmt"/>
        <line num="9" count="5" type="stmt"/>
      </file>
      <file name="index.ts" path="/Users/stephenisienyi/projects-js/auto-immutable/pkg/src/index.ts">
        <metrics statements="9" coveredstatements="9" conditionals="0" coveredconditionals="0" methods="2" coveredmethods="2"/>
        <line num="3" count="1" type="stmt"/>
        <line num="5" count="1" type="stmt"/>
        <line num="7" count="1" type="stmt"/>
        <line num="9" count="1" type="stmt"/>
        <line num="10" count="3" type="stmt"/>
        <line num="11" count="3" type="stmt"/>
        <line num="13" count="3" type="stmt"/>
        <line num="14" count="3" type="stmt"/>
        <line num="17" count="7" type="stmt"/>
      </file>
    </package>
    <package name="src.model.accessor">
      <metrics statements="39" coveredstatements="39" conditionals="9" coveredconditionals="9" methods="10" coveredmethods="10"/>
      <file name="index.ts" path="/Users/stephenisienyi/projects-js/auto-immutable/pkg/src/model/accessor/index.ts">
        <metrics statements="39" coveredstatements="39" conditionals="9" coveredconditionals="9" methods="10" coveredmethods="10"/>
        <line num="9" count="4" type="stmt"/>
        <line num="13" count="4" type="stmt"/>
        <line num="15" count="13" type="stmt"/>
        <line num="16" count="13" type="stmt"/>
        <line num="17" count="13" type="stmt"/>
        <line num="18" count="13" type="stmt"/>
        <line num="23" count="13" type="stmt"/>
        <line num="24" count="13" type="stmt"/>
        <line num="25" count="13" type="stmt"/>
        <line num="26" count="13" type="stmt"/>
        <line num="27" count="13" type="stmt"/>
        <line num="30" count="10" type="stmt"/>
        <line num="32" count="3" type="stmt"/>
        <line num="34" count="12" type="stmt"/>
        <line num="36" count="5" type="stmt"/>
        <line num="38" count="4" type="stmt"/>
        <line num="39" count="70" type="cond" truecount="1" falsecount="0"/>
        <line num="40" count="69" type="cond" truecount="2" falsecount="0"/>
        <line num="42" count="69" type="stmt"/>
        <line num="45" count="19" type="stmt"/>
        <line num="47" count="28" type="stmt"/>
        <line num="49" count="9" type="stmt"/>
        <line num="56" count="17" type="stmt"/>
        <line num="57" count="17" type="stmt"/>
        <line num="58" count="17" type="stmt"/>
        <line num="59" count="17" type="stmt"/>
        <line num="60" count="17" type="stmt"/>
        <line num="61" count="72" type="stmt"/>
        <line num="63" count="17" type="cond" truecount="1" falsecount="0"/>
        <line num="64" count="14" type="stmt"/>
        <line num="65" count="61" type="cond" truecount="2" falsecount="0"/>
        <line num="67" count="14" type="stmt"/>
        <line num="69" count="3" type="cond" truecount="1" falsecount="0"/>
        <line num="70" count="3" type="stmt"/>
        <line num="71" count="30" type="stmt"/>
        <line num="72" count="3" type="stmt"/>
        <line num="73" count="10" type="cond" truecount="2" falsecount="0"/>
        <line num="75" count="3" type="stmt"/>
        <line num="88" count="4" type="stmt"/>
      </file>
    </package>
    <package name="src.model.accessor-cache">
      <metrics statements="47" coveredstatements="47" conditionals="18" coveredconditionals="18" methods="7" coveredmethods="7"/>
      <file name="index.ts" path="/Users/stephenisienyi/projects-js/auto-immutable/pkg/src/model/accessor-cache/index.ts">
        <metrics statements="47" coveredstatements="47" conditionals="18" coveredconditionals="18" methods="7" coveredmethods="7"/>
        <line num="8" count="3" type="stmt"/>
        <line num="9" count="3" type="stmt"/>
        <line num="11" count="3" type="stmt"/>
        <line num="13" count="3" type="stmt"/>
        <line num="15" count="3" type="stmt"/>
        <line num="16" count="3" type="stmt"/>
        <line num="19" count="11" type="stmt"/>
        <line num="20" count="11" type="stmt"/>
        <line num="21" count="11" type="stmt"/>
        <line num="25" count="11" type="stmt"/>
        <line num="26" count="11" type="stmt"/>
        <line num="29" count="11" type="stmt"/>
        <line num="32" count="4" type="stmt"/>
        <line num="36" count="6" type="stmt"/>
        <line num="37" count="6" type="stmt"/>
        <line num="38" count="6" type="stmt"/>
        <line num="39" count="6" type="stmt"/>
        <line num="40" count="26" type="stmt"/>
        <line num="41" count="26" type="cond" truecount="5" falsecount="0"/>
        <line num="58" count="24" type="cond" truecount="1" falsecount="0"/>
        <line num="59" count="10" type="stmt"/>
        <line num="60" count="10" type="stmt"/>
        <line num="62" count="6" type="cond" truecount="1" falsecount="0"/>
        <line num="63" count="6" type="stmt"/>
        <line num="74" count="26" type="cond" truecount="1" falsecount="0"/>
        <line num="75" count="26" type="stmt"/>
        <line num="76" count="26" type="cond" truecount="2" falsecount="0"/>
        <line num="79" count="26" type="cond" truecount="2" falsecount="0"/>
        <line num="80" count="26" type="stmt"/>
        <line num="85" count="1" type="stmt"/>
        <line num="86" count="1" type="stmt"/>
        <line num="87" count="1" type="stmt"/>
        <line num="88" count="1" type="stmt"/>
        <line num="91" count="1" type="stmt"/>
        <line num="92" count="1" type="cond" truecount="3" falsecount="0"/>
        <line num="93" count="1" type="stmt"/>
        <line num="96" count="1" type="stmt"/>
        <line num="102" count="3" type="stmt"/>
        <line num="105" count="8" type="stmt"/>
        <line num="106" count="8" type="stmt"/>
        <line num="107" count="8" type="stmt"/>
        <line num="108" count="8" type="stmt"/>
        <line num="109" count="27" type="cond" truecount="1" falsecount="0"/>
        <line num="110" count="25" type="stmt"/>
        <line num="113" count="8" type="stmt"/>
        <line num="117" count="51" type="cond" truecount="2" falsecount="0"/>
        <line num="123" count="3" type="stmt"/>
      </file>
    </package>
    <package name="src.model.atom">
      <metrics statements="18" coveredstatements="18" conditionals="3" coveredconditionals="3" methods="8" coveredmethods="8"/>
      <file name="index.ts" path="/Users/stephenisienyi/projects-js/auto-immutable/pkg/src/model/atom/index.ts">
        <metrics statements="18" coveredstatements="18" conditionals="3" coveredconditionals="3" methods="8" coveredmethods="8"/>
        <line num="1" count="5" type="stmt"/>
        <line num="3" count="5" type="stmt"/>
        <line num="4" count="5" type="stmt"/>
        <line num="5" count="5" type="stmt"/>
        <line num="6" count="74" type="stmt"/>
        <line num="8" count="5" type="stmt"/>
        <line num="17" count="52" type="stmt"/>
        <line num="19" count="52" type="stmt"/>
        <line num="23" count="52" type="stmt"/>
        <line num="24" count="52" type="stmt"/>
        <line num="27" count="102" type="stmt"/>
        <line num="34" count="63" type="stmt"/>
        <line num="35" count="63" type="stmt"/>
        <line num="43" count="5" type="stmt"/>
        <line num="44" count="5" type="stmt"/>
        <line num="48" count="71" type="stmt"/>
        <line num="52" count="74" type="cond" truecount="2" falsecount="0"/>
        <line num="58" count="5" type="stmt"/>
      </file>
    </package>
    <package name="src.set">
      <metrics statements="82" coveredstatements="82" conditionals="42" coveredconditionals="42" methods="12" coveredmethods="12"/>
      <file name="index.ts" path="/Users/stephenisienyi/projects-js/auto-immutable/pkg/src/set/index.ts">
        <metrics statements="82" coveredstatements="82" conditionals="42" coveredconditionals="42" methods="12" coveredmethods="12"/>
        <line num="10" count="3" type="stmt"/>
        <line num="11" count="3" type="stmt"/>
        <line num="13" count="3" type="stmt"/>
        <line num="15" count="3" type="stmt"/>
        <line num="17" count="3" type="stmt"/>
        <line num="20" count="3" type="stmt"/>
        <line num="21" count="3" type="stmt"/>
        <line num="25" count="884" type="cond" truecount="2" falsecount="0"/>
        <line num="36" count="231" type="stmt"/>
        <line num="38" count="231" type="cond" truecount="1" falsecount="0"/>
        <line num="40" count="68" type="cond" truecount="1" falsecount="0"/>
        <line num="41" count="68" type="stmt"/>
        <line num="42" count="68" type="stmt"/>
        <line num="66" count="163" type="stmt"/>
        <line num="73" count="944" type="cond" truecount="1" falsecount="0"/>
        <line num="74" count="919" type="stmt"/>
        <line num="75" count="884" type="stmt"/>
        <line num="76" count="884" type="cond" truecount="1" falsecount="0"/>
        <line num="77" count="191" type="cond" truecount="1" falsecount="0"/>
        <line num="78" count="52" type="stmt"/>
        <line num="80" count="139" type="cond" truecount="3" falsecount="0"/>
        <line num="81" count="74" type="stmt"/>
        <line num="84" count="758" type="cond" truecount="3" falsecount="0"/>
        <line num="85" count="333" type="stmt"/>
        <line num="87" count="425" type="cond" truecount="3" falsecount="0"/>
        <line num="88" count="231" type="stmt"/>
        <line num="89" count="231" type="stmt"/>
        <line num="91" count="3" type="stmt"/>
        <line num="95" count="369" type="stmt"/>
        <line num="96" count="369" type="cond" truecount="1" falsecount="0"/>
        <line num="98" count="36" type="stmt"/>
        <line num="102" count="198" type="stmt"/>
        <line num="103" count="170" type="cond" truecount="3" falsecount="0"/>
        <line num="104" count="92" type="stmt"/>
        <line num="107" count="106" type="stmt"/>
        <line num="117" count="919" type="stmt"/>
        <line num="118" count="919" type="cond" truecount="1" falsecount="0"/>
        <line num="119" count="1" type="stmt"/>
        <line num="121" count="919" type="cond" truecount="1" falsecount="0"/>
        <line num="122" count="851" type="cond" truecount="3" falsecount="0"/>
        <line num="123" count="26" type="stmt"/>
        <line num="125" count="851" type="stmt"/>
        <line num="126" count="1053" type="cond" truecount="1" falsecount="0"/>
        <line num="127" count="1052" type="cond" truecount="1" falsecount="0"/>
        <line num="128" count="56" type="stmt"/>
        <line num="130" count="1052" type="cond" truecount="1" falsecount="0"/>
        <line num="131" count="282" type="stmt"/>
        <line num="133" count="282" type="cond" truecount="1" falsecount="0"/>
        <line num="134" count="79" type="stmt"/>
        <line num="138" count="282" type="stmt"/>
        <line num="139" count="247" type="stmt"/>
        <line num="140" count="247" type="stmt"/>
        <line num="143" count="816" type="stmt"/>
        <line num="150" count="534" type="stmt"/>
        <line num="151" count="642" type="stmt"/>
        <line num="169" count="52" type="stmt"/>
        <line num="170" count="52" type="cond" truecount="1" falsecount="0"/>
        <line num="171" count="50" type="stmt"/>
        <line num="172" count="50" type="stmt"/>
        <line num="174" count="52" type="stmt"/>
        <line num="175" count="93" type="stmt"/>
        <line num="193" count="74" type="stmt"/>
        <line num="194" count="74" type="stmt"/>
        <line num="195" count="46" type="stmt"/>
        <line num="196" count="46" type="cond" truecount="1" falsecount="0"/>
        <line num="197" count="2" type="stmt"/>
        <line num="198" count="2" type="stmt"/>
        <line num="199" count="2" type="stmt"/>
        <line num="201" count="46" type="cond" truecount="2" falsecount="0"/>
        <line num="203" count="74" type="stmt"/>
        <line num="205" count="74" type="cond" truecount="1" falsecount="0"/>
        <line num="206" count="34" type="stmt"/>
        <line num="207" count="34" type="stmt"/>
        <line num="209" count="74" type="stmt"/>
        <line num="210" count="46" type="stmt"/>
        <line num="218" count="333" type="stmt"/>
        <line num="226" count="197" type="stmt"/>
        <line num="227" count="197" type="cond" truecount="2" falsecount="0"/>
        <line num="228" count="196" type="stmt"/>
        <line num="230" count="1" type="stmt"/>
        <line num="231" count="5" type="stmt"/>
        <line num="234" count="162" type="cond" truecount="2" falsecount="0"/>
      </file>
    </package>
    <package name="src.set.tag-functions">
      <metrics statements="180" coveredstatements="180" conditionals="90" coveredconditionals="90" methods="23" coveredmethods="23"/>
      <file name="index.ts" path="/Users/stephenisienyi/projects-js/auto-immutable/pkg/src/set/tag-functions/index.ts">
        <metrics statements="180" coveredstatements="180" conditionals="90" coveredconditionals="90" methods="23" coveredmethods="23"/>
        <line num="26" count="4" type="stmt"/>
        <line num="27" count="4" type="stmt"/>
        <line num="28" count="4" type="stmt"/>
        <line num="30" count="4" type="stmt"/>
        <line num="40" count="4" type="stmt"/>
        <line num="57" count="4" type="stmt"/>
        <line num="58" count="4" type="stmt"/>
        <line num="59" count="13" type="stmt"/>
        <line num="60" count="4" type="cond" truecount="2" falsecount="0"/>
        <line num="61" count="16" type="cond" truecount="1" falsecount="0"/>
        <line num="62" count="15" type="stmt"/>
        <line num="63" count="15" type="stmt"/>
        <line num="65" count="16" type="stmt"/>
        <line num="67" count="4" type="stmt"/>
        <line num="68" count="77" type="cond" truecount="1" falsecount="0"/>
        <line num="69" count="65" type="stmt"/>
        <line num="70" count="65" type="cond" truecount="3" falsecount="0"/>
        <line num="71" count="32" type="cond" truecount="1" falsecount="0"/>
        <line num="72" count="16" type="stmt"/>
        <line num="73" count="16" type="stmt"/>
        <line num="74" count="83" type="stmt"/>
        <line num="75" count="83" type="stmt"/>
        <line num="77" count="16" type="cond" truecount="2" falsecount="0"/>
        <line num="78" count="16" type="stmt"/>
        <line num="80" count="16" type="stmt"/>
        <line num="81" count="16" type="cond" truecount="1" falsecount="0"/>
        <line num="82" count="8" type="cond" truecount="1" falsecount="0"/>
        <line num="83" count="3" type="stmt"/>
        <line num="85" count="4" type="stmt"/>
        <line num="99" count="4" type="stmt"/>
        <line num="100" count="40" type="stmt"/>
        <line num="101" count="40" type="cond" truecount="1" falsecount="0"/>
        <line num="102" count="2" type="stmt"/>
        <line num="104" count="38" type="stmt"/>
        <line num="106" count="38" type="stmt"/>
        <line num="107" count="38" type="cond" truecount="1" falsecount="0"/>
        <line num="108" count="33" type="stmt"/>
        <line num="109" count="33" type="cond" truecount="1" falsecount="0"/>
        <line num="110" count="17" type="stmt"/>
        <line num="111" count="21" type="stmt"/>
        <line num="112" count="21" type="stmt"/>
        <line num="113" count="21" type="cond" truecount="1" falsecount="0"/>
        <line num="114" count="11" type="stmt"/>
        <line num="115" count="22" type="cond" truecount="1" falsecount="0"/>
        <line num="116" count="18" type="stmt"/>
        <line num="117" count="18" type="stmt"/>
        <line num="119" count="11" type="cond" truecount="2" falsecount="0"/>
        <line num="120" count="11" type="stmt"/>
        <line num="122" count="10" type="stmt"/>
        <line num="123" count="10" type="stmt"/>
        <line num="124" count="10" type="stmt"/>
        <line num="125" count="33" type="stmt"/>
        <line num="126" count="33" type="cond" truecount="1" falsecount="0"/>
        <line num="127" count="24" type="cond" truecount="1" falsecount="0"/>
        <line num="128" count="7" type="stmt"/>
        <line num="129" count="7" type="cond" truecount="1" falsecount="0"/>
        <line num="131" count="23" type="stmt"/>
        <line num="133" count="10" type="stmt"/>
        <line num="134" count="10" type="stmt"/>
        <line num="135" count="10" type="stmt"/>
        <line num="136" count="49" type="cond" truecount="1" falsecount="0"/>
        <line num="137" count="27" type="stmt"/>
        <line num="138" count="27" type="stmt"/>
        <line num="140" count="22" type="cond" truecount="1" falsecount="0"/>
        <line num="141" count="7" type="stmt"/>
        <line num="142" count="7" type="stmt"/>
        <line num="145" count="10" type="cond" truecount="1" falsecount="0"/>
        <line num="146" count="2" type="stmt"/>
        <line num="148" count="10" type="cond" truecount="1" falsecount="0"/>
        <line num="149" count="7" type="stmt"/>
        <line num="150" count="7" type="stmt"/>
        <line num="151" count="7" type="stmt"/>
        <line num="152" count="7" type="stmt"/>
        <line num="164" count="4" type="stmt"/>
        <line num="165" count="64" type="stmt"/>
        <line num="166" count="64" type="cond" truecount="5" falsecount="0"/>
        <line num="167" count="17" type="stmt"/>
        <line num="169" count="47" type="stmt"/>
        <line num="170" count="47" type="stmt"/>
        <line num="171" count="47" type="cond" truecount="1" falsecount="0"/>
        <line num="172" count="44" type="stmt"/>
        <line num="173" count="44" type="cond" truecount="1" falsecount="0"/>
        <line num="174" count="33" type="cond" truecount="1" falsecount="0"/>
        <line num="175" count="33" type="cond" truecount="3" falsecount="0"/>
        <line num="176" count="24" type="cond" truecount="1" falsecount="0"/>
        <line num="177" count="24" type="cond" truecount="3" falsecount="0"/>
        <line num="178" count="19" type="cond" truecount="1" falsecount="0"/>
        <line num="179" count="19" type="cond" truecount="3" falsecount="0"/>
        <line num="180" count="16" type="cond" truecount="1" falsecount="0"/>
        <line num="181" count="14" type="stmt"/>
        <line num="182" count="14" type="cond" truecount="1" falsecount="0"/>
        <line num="183" count="14" type="stmt"/>
        <line num="184" count="14" type="stmt"/>
        <line num="185" count="14" type="stmt"/>
        <line num="198" count="4" type="stmt"/>
        <line num="199" count="30" type="stmt"/>
        <line num="200" count="30" type="cond" truecount="1" falsecount="0"/>
        <line num="201" count="9" type="stmt"/>
        <line num="203" count="21" type="cond" truecount="3" falsecount="0"/>
        <line num="204" count="5" type="stmt"/>
        <line num="206" count="16" type="stmt"/>
        <line num="207" count="16" type="stmt"/>
        <line num="208" count="16" type="stmt"/>
        <line num="226" count="4" type="stmt"/>
        <line num="227" count="29" type="stmt"/>
        <line num="245" count="4" type="stmt"/>
        <line num="246" count="4" type="stmt"/>
        <line num="247" count="4" type="stmt"/>
        <line num="248" count="52" type="stmt"/>
        <line num="249" count="52" type="cond" truecount="1" falsecount="0"/>
        <line num="250" count="17" type="stmt"/>
        <line num="252" count="52" type="stmt"/>
        <line num="254" count="4" type="stmt"/>
        <line num="267" count="4" type="stmt"/>
        <line num="268" count="62" type="stmt"/>
        <line num="269" count="62" type="cond" truecount="5" falsecount="0"/>
        <line num="270" count="17" type="stmt"/>
        <line num="272" count="45" type="stmt"/>
        <line num="273" count="45" type="stmt"/>
        <line num="274" count="45" type="stmt"/>
        <line num="275" count="45" type="cond" truecount="4" falsecount="0"/>
        <line num="276" count="7" type="stmt"/>
        <line num="278" count="38" type="cond" truecount="1" falsecount="0"/>
        <line num="279" count="36" type="stmt"/>
        <line num="280" count="36" type="cond" truecount="2" falsecount="0"/>
        <line num="283" count="36" type="stmt"/>
        <line num="284" count="36" type="cond" truecount="1" falsecount="0"/>
        <line num="285" count="36" type="cond" truecount="1" falsecount="0"/>
        <line num="286" count="36" type="stmt"/>
        <line num="287" count="36" type="stmt"/>
        <line num="288" count="22" type="cond" truecount="1" falsecount="0"/>
        <line num="290" count="36" type="stmt"/>
        <line num="291" count="36" type="stmt"/>
        <line num="292" count="36" type="stmt"/>
        <line num="293" count="36" type="stmt"/>
        <line num="295" count="38" type="cond" truecount="3" falsecount="0"/>
        <line num="296" count="35" type="stmt"/>
        <line num="297" count="35" type="stmt"/>
        <line num="299" count="38" type="stmt"/>
        <line num="302" count="4" type="stmt"/>
        <line num="312" count="4" type="stmt"/>
        <line num="318" count="2721" type="cond" truecount="2" falsecount="0"/>
        <line num="330" count="4" type="stmt"/>
        <line num="331" count="4" type="stmt"/>
        <line num="339" count="371" type="stmt"/>
        <line num="341" count="4" type="stmt"/>
        <line num="358" count="4" type="stmt"/>
        <line num="359" count="4" type="stmt"/>
        <line num="363" count="2350" type="stmt"/>
        <line num="365" count="4" type="stmt"/>
        <line num="371" count="81" type="stmt"/>
        <line num="372" count="81" type="cond" truecount="3" falsecount="0"/>
        <line num="375" count="59" type="cond" truecount="1" falsecount="0"/>
        <line num="376" count="56" type="stmt"/>
        <line num="377" count="56" type="stmt"/>
        <line num="379" count="59" type="stmt"/>
        <line num="381" count="22" type="cond" truecount="1" falsecount="0"/>
        <line num="382" count="5" type="stmt"/>
        <line num="384" count="17" type="cond" truecount="1" falsecount="0"/>
        <line num="389" count="4" type="stmt"/>
        <line num="390" count="4" type="stmt"/>
        <line num="392" count="17" type="stmt"/>
        <line num="393" count="96" type="cond" truecount="2" falsecount="0"/>
        <line num="394" count="29" type="stmt"/>
        <line num="396" count="67" type="stmt"/>
        <line num="399" count="17" type="stmt"/>
        <line num="400" count="51" type="stmt"/>
        <line num="402" count="17" type="stmt"/>
        <line num="403" count="17" type="stmt"/>
        <line num="406" count="4" type="stmt"/>
        <line num="407" count="309" type="stmt"/>
        <line num="413" count="309" type="cond" truecount="1" falsecount="0"/>
        <line num="414" count="232" type="stmt"/>
        <line num="415" count="232" type="stmt"/>
        <line num="416" count="238" type="cond" truecount="1" falsecount="0"/>
        <line num="418" count="226" type="stmt"/>
        <line num="419" count="226" type="stmt"/>
        <line num="420" count="297" type="cond" truecount="1" falsecount="0"/>
        <line num="422" count="155" type="stmt"/>
        <line num="424" count="4" type="stmt"/>
      </file>
    </package>
    <package name="src.utils">
      <metrics statements="77" coveredstatements="77" conditionals="27" coveredconditionals="27" methods="14" coveredmethods="14"/>
      <file name="clonedeep-eligibility-check.ts" path="/Users/stephenisienyi/projects-js/auto-immutable/pkg/src/utils/clonedeep-eligibility-check.ts">
        <metrics statements="9" coveredstatements="9" conditionals="2" coveredconditionals="2" methods="1" coveredmethods="1"/>
        <line num="13" count="9" type="stmt"/>
        <line num="15" count="9" type="stmt"/>
        <line num="45" count="9" type="stmt"/>
        <line num="48" count="14304" type="stmt"/>
        <line num="50" count="14304" type="cond" truecount="2" falsecount="0"/>
        <line num="51" count="14279" type="stmt"/>
        <line num="53" count="25" type="stmt"/>
        <line num="54" count="25" type="stmt"/>
        <line num="56" count="14304" type="stmt"/>
      </file>
      <file name="index.ts" path="/Users/stephenisienyi/projects-js/auto-immutable/pkg/src/utils/index.ts">
        <metrics statements="68" coveredstatements="68" conditionals="25" coveredconditionals="25" methods="13" coveredmethods="13"/>
        <line num="4" count="8" type="stmt"/>
        <line num="5" count="8" type="stmt"/>
        <line num="7" count="8" type="stmt"/>
        <line num="9" count="8" type="stmt"/>
        <line num="20" count="8" type="stmt"/>
        <line num="21" count="10" type="stmt"/>
        <line num="22" count="10" type="stmt"/>
        <line num="23" count="48" type="stmt"/>
        <line num="27" count="48" type="stmt"/>
        <line num="28" count="48" type="stmt"/>
        <line num="29" count="48" type="stmt"/>
        <line num="30" count="127" type="stmt"/>
        <line num="32" count="127" type="cond" truecount="1" falsecount="0"/>
        <line num="33" count="109" type="cond" truecount="1" falsecount="0"/>
        <line num="34" count="6" type="stmt"/>
        <line num="36" count="86" type="stmt"/>
        <line num="39" count="37" type="cond" truecount="2" falsecount="0"/>
        <line num="42" count="42" type="stmt"/>
        <line num="43" count="42" type="stmt"/>
        <line num="44" count="4" type="stmt"/>
        <line num="48" count="10" type="stmt"/>
        <line num="56" count="8" type="stmt"/>
        <line num="57" count="8" type="stmt"/>
        <line num="58" count="14313" type="cond" truecount="1" falsecount="0"/>
        <line num="59" count="14302" type="cond" truecount="1" falsecount="0"/>
        <line num="60" count="4050" type="cond" truecount="3" falsecount="0"/>
        <line num="61" count="4049" type="cond" truecount="3" falsecount="0"/>
        <line num="63" count="14300" type="cond" truecount="1" falsecount="0"/>
        <line num="65" count="491" type="cond" truecount="1" falsecount="0"/>
        <line num="66" count="491" type="stmt"/>
        <line num="67" count="8" type="stmt"/>
        <line num="70" count="8" type="stmt"/>
        <line num="73" count="1047" type="cond" truecount="2" falsecount="0"/>
        <line num="80" count="8" type="stmt"/>
        <line num="81" count="337" type="stmt"/>
        <line num="82" count="337" type="cond" truecount="2" falsecount="0"/>
        <line num="83" count="210" type="stmt"/>
        <line num="84" count="66" type="stmt"/>
        <line num="85" count="271" type="cond" truecount="1" falsecount="0"/>
        <line num="86" count="13" type="stmt"/>
        <line num="87" count="53" type="stmt"/>
        <line num="88" count="13" type="stmt"/>
        <line num="90" count="337" type="cond" truecount="2" falsecount="0"/>
        <line num="91" count="337" type="stmt"/>
        <line num="94" count="18" type="stmt"/>
        <line num="96" count="8" type="stmt"/>
        <line num="97" count="8" type="stmt"/>
        <line num="98" count="8" type="stmt"/>
        <line num="99" count="19" type="stmt"/>
        <line num="102" count="8" type="stmt"/>
        <line num="109" count="8" type="stmt"/>
        <line num="114" count="7" type="stmt"/>
        <line num="115" count="19" type="stmt"/>
        <line num="116" count="7" type="stmt"/>
        <line num="117" count="7" type="stmt"/>
        <line num="118" count="7" type="stmt"/>
        <line num="119" count="19" type="stmt"/>
        <line num="120" count="19" type="cond" truecount="1" falsecount="0"/>
        <line num="121" count="18" type="stmt"/>
        <line num="122" count="18" type="stmt"/>
        <line num="126" count="49" type="stmt"/>
        <line num="127" count="49" type="cond" truecount="1" falsecount="0"/>
        <line num="128" count="18" type="stmt"/>
        <line num="129" count="18" type="stmt"/>
        <line num="130" count="18" type="stmt"/>
        <line num="132" count="31" type="cond" truecount="1" falsecount="0"/>
        <line num="133" count="31" type="stmt"/>
        <line num="136" count="7" type="stmt"/>
      </file>
    </package>
  </project>
</coverage>
