{"/Users/stephenisienyi/projects-js/auto-immutable/pkg/src/connection.ts": {"path":"/Users/stephenisienyi/projects-js/auto-immutable/pkg/src/connection.ts","statementMap":{"0":{"start":{"line":3,"column":0},"end":{"line":3,"column":29}},"1":{"start":{"line":7,"column":13},"end":{"line":7,"column":null}},"2":{"start":{"line":10,"column":4},"end":{"line":9,"column":null}},"3":{"start":{"line":11,"column":4},"end":{"line":11,"column":26}},"4":{"start":{"line":12,"column":4},"end":{"line":12,"column":17}},"5":{"start":{"line":17,"column":8},"end":{"line":17,"column":22}},"6":{"start":{"line":18,"column":8},"end":{"line":18,"column":28}},"7":{"start":{"line":20,"column":25},"end":{"line":20,"column":51}},"8":{"start":{"line":21,"column":23},"end":{"line":21,"column":39}},"9":{"start":{"line":24,"column":8},"end":{"line":24,"column":45}},"10":{"start":{"line":25,"column":8},"end":{"line":25,"column":32}},"11":{"start":{"line":26,"column":8},"end":{"line":26,"column":34}},"12":{"start":{"line":30,"column":8},"end":{"line":30,"column":61}},"13":{"start":{"line":34,"column":8},"end":{"line":41,"column":10}},"14":{"start":{"line":38,"column":16},"end":{"line":38,"column":47}},"15":{"start":{"line":39,"column":16},"end":{"line":39,"column":38}},"16":{"start":{"line":22,"column":5},"end":{"line":22,"column":null}},"17":{"start":{"line":28,"column":5},"end":{"line":28,"column":null}},"18":{"start":{"line":32,"column":5},"end":{"line":32,"column":null}},"19":{"start":{"line":23,"column":4},"end":{"line":23,"column":null}},"20":{"start":{"line":23,"column":4},"end":{"line":23,"column":14}},"21":{"start":{"line":29,"column":4},"end":{"line":29,"column":9}},"22":{"start":{"line":29,"column":4},"end":{"line":29,"column":7}},"23":{"start":{"line":33,"column":4},"end":{"line":33,"column":9}},"24":{"start":{"line":33,"column":4},"end":{"line":33,"column":7}},"25":{"start":{"line":9,"column":13},"end":{"line":9,"column":23}},"26":{"start":{"line":46,"column":4},"end":{"line":51,"column":44}},"27":{"start":{"line":50,"column":8},"end":{"line":50,"column":42}},"28":{"start":{"line":50,"column":34},"end":{"line":50,"column":40}},"29":{"start":{"line":51,"column":8},"end":{"line":51,"column":42}}},"fnMap":{"0":{"name":"(anonymous_7)","decl":{"start":{"line":7,"column":28},"end":{"line":7,"column":31}},"loc":{"start":{"line":7,"column":33},"end":{"line":7,"column":36}}},"1":{"name":"(anonymous_9)","decl":{"start":{"line":13,"column":4},"end":{"line":13,"column":null}},"loc":{"start":{"line":15,"column":32},"end":{"line":19,"column":5}}},"2":{"name":"(anonymous_10)","decl":{"start":{"line":20,"column":4},"end":{"line":20,"column":8}},"loc":{"start":{"line":20,"column":20},"end":{"line":20,"column":52}}},"3":{"name":"(anonymous_11)","decl":{"start":{"line":21,"column":4},"end":{"line":21,"column":8}},"loc":{"start":{"line":21,"column":18},"end":{"line":21,"column":40}}},"4":{"name":"(anonymous_12)","decl":{"start":{"line":23,"column":4},"end":{"line":23,"column":14}},"loc":{"start":{"line":23,"column":14},"end":{"line":27,"column":5}}},"5":{"name":"(anonymous_13)","decl":{"start":{"line":29,"column":4},"end":{"line":29,"column":7}},"loc":{"start":{"line":29,"column":41},"end":{"line":31,"column":5}}},"6":{"name":"(anonymous_14)","decl":{"start":{"line":33,"column":4},"end":{"line":33,"column":7}},"loc":{"start":{"line":33,"column":63},"end":{"line":42,"column":5}}},"7":{"name":"(anonymous_15)","decl":{"start":{"line":37,"column":12},"end":{"line":37,"column":19}},"loc":{"start":{"line":37,"column":22},"end":{"line":40,"column":13}}},"8":{"name":"invoke","decl":{"start":{"line":45,"column":9},"end":{"line":45,"column":15}},"loc":{"start":{"line":45,"column":48},"end":{"line":52,"column":1}}},"9":{"name":"(anonymous_24)","decl":{"start":{"line":46,"column":11},"end":{"line":46,"column":null}},"loc":{"start":{"line":48,"column":27},"end":{"line":51,"column":43}}}},"branchMap":{"0":{"loc":{"start":{"line":33,"column":31},"end":{"line":33,"column":63}},"type":"default-arg","locations":[{"start":{"line":33,"column":54},"end":{"line":33,"column":63}}]},"1":{"loc":{"start":{"line":50,"column":8},"end":{"line":50,"column":42}},"type":"if","locations":[{"start":{"line":50,"column":8},"end":{"line":50,"column":42}}]}},"s":{"0":2,"1":2,"2":12,"3":12,"4":12,"5":12,"6":12,"7":30,"8":1,"9":2,"10":2,"11":2,"12":19,"13":3,"14":2,"15":2,"16":2,"17":2,"18":2,"19":2,"20":0,"21":2,"22":0,"23":2,"24":0,"25":2,"26":6,"27":28,"28":4,"29":24},"f":{"0":2,"1":12,"2":30,"3":1,"4":2,"5":19,"6":3,"7":2,"8":6,"9":28},"b":{"0":[2],"1":[4]}}
,"/Users/stephenisienyi/projects-js/auto-immutable/pkg/src/constants.ts": {"path":"/Users/stephenisienyi/projects-js/auto-immutable/pkg/src/constants.ts","statementMap":{"0":{"start":{"line":1,"column":13},"end":{"line":1,"column":35}},"1":{"start":{"line":2,"column":13},"end":{"line":2,"column":37}},"2":{"start":{"line":3,"column":13},"end":{"line":3,"column":42}},"3":{"start":{"line":4,"column":13},"end":{"line":4,"column":33}},"4":{"start":{"line":5,"column":13},"end":{"line":5,"column":32}},"5":{"start":{"line":6,"column":13},"end":{"line":6,"column":33}},"6":{"start":{"line":7,"column":13},"end":{"line":7,"column":39}},"7":{"start":{"line":8,"column":13},"end":{"line":8,"column":31}},"8":{"start":{"line":9,"column":13},"end":{"line":9,"column":37}}},"fnMap":{},"branchMap":{},"s":{"0":5,"1":5,"2":5,"3":5,"4":5,"5":5,"6":5,"7":5,"8":5},"f":{},"b":{}}
,"/Users/stephenisienyi/projects-js/auto-immutable/pkg/src/index.ts": {"path":"/Users/stephenisienyi/projects-js/auto-immutable/pkg/src/index.ts","statementMap":{"0":{"start":{"line":3,"column":0},"end":{"line":3,"column":51}},"1":{"start":{"line":5,"column":0},"end":{"line":5,"column":42}},"2":{"start":{"line":7,"column":13},"end":{"line":7,"column":38}},"3":{"start":{"line":10,"column":4},"end":{"line":10,"column":30}},"4":{"start":{"line":11,"column":4},"end":{"line":11,"column":31}},"5":{"start":{"line":13,"column":8},"end":{"line":13,"column":56}},"6":{"start":{"line":14,"column":8},"end":{"line":14,"column":26}},"7":{"start":{"line":17,"column":8},"end":{"line":20,"column":10}},"8":{"start":{"line":9,"column":0},"end":{"line":9,"column":13}}},"fnMap":{"0":{"name":"(anonymous_3)","decl":{"start":{"line":12,"column":4},"end":{"line":12,"column":17}},"loc":{"start":{"line":12,"column":30},"end":{"line":15,"column":5}}},"1":{"name":"(anonymous_4)","decl":{"start":{"line":16,"column":4},"end":{"line":16,"column":11}},"loc":{"start":{"line":16,"column":11},"end":{"line":21,"column":5}}}},"branchMap":{},"s":{"0":1,"1":1,"2":1,"3":3,"4":3,"5":3,"6":3,"7":7,"8":1},"f":{"0":3,"1":7},"b":{}}
,"/Users/stephenisienyi/projects-js/auto-immutable/pkg/src/model/accessor/index.ts": {"path":"/Users/stephenisienyi/projects-js/auto-immutable/pkg/src/model/accessor/index.ts","statementMap":{"0":{"start":{"line":9,"column":37},"end":{"line":9,"column":38}},"1":{"start":{"line":15,"column":1},"end":{"line":15,"column":24}},"2":{"start":{"line":16,"column":1},"end":{"line":16,"column":14}},"3":{"start":{"line":17,"column":1},"end":{"line":17,"column":24}},"4":{"start":{"line":18,"column":1},"end":{"line":18,"column":27}},"5":{"start":{"line":23,"column":2},"end":{"line":23,"column":28}},"6":{"start":{"line":24,"column":2},"end":{"line":24,"column":39}},"7":{"start":{"line":25,"column":2},"end":{"line":25,"column":63}},"8":{"start":{"line":26,"column":2},"end":{"line":26,"column":43}},"9":{"start":{"line":27,"column":2},"end":{"line":27,"column":19}},"10":{"start":{"line":30,"column":20},"end":{"line":30,"column":46}},"11":{"start":{"line":32,"column":12},"end":{"line":32,"column":28}},"12":{"start":{"line":34,"column":15},"end":{"line":34,"column":34}},"13":{"start":{"line":36,"column":15},"end":{"line":36,"column":34}},"14":{"start":{"line":45,"column":34},"end":{"line":45,"column":64}},"15":{"start":{"line":47,"column":44},"end":{"line":47,"column":81}},"16":{"start":{"line":49,"column":47},"end":{"line":49,"column":87}},"17":{"start":{"line":56,"column":23},"end":{"line":56,"column":25}},"18":{"start":{"line":57,"column":2},"end":{"line":62,"column":3}},"19":{"start":{"line":58,"column":19},"end":{"line":58,"column":48}},"20":{"start":{"line":59,"column":3},"end":{"line":59,"column":27}},"21":{"start":{"line":60,"column":3},"end":{"line":60,"column":29}},"22":{"start":{"line":61,"column":3},"end":{"line":61,"column":57}},"23":{"start":{"line":61,"column":31},"end":{"line":61,"column":56}},"24":{"start":{"line":63,"column":2},"end":{"line":68,"column":3}},"25":{"start":{"line":64,"column":3},"end":{"line":66,"column":4}},"26":{"start":{"line":65,"column":4},"end":{"line":65,"column":59}},"27":{"start":{"line":67,"column":3},"end":{"line":67,"column":22}},"28":{"start":{"line":69,"column":2},"end":{"line":76,"column":3}},"29":{"start":{"line":70,"column":20},"end":{"line":70,"column":22}},"30":{"start":{"line":71,"column":3},"end":{"line":71,"column":57}},"31":{"start":{"line":71,"column":35},"end":{"line":71,"column":56}},"32":{"start":{"line":72,"column":3},"end":{"line":74,"column":4}},"33":{"start":{"line":73,"column":4},"end":{"line":73,"column":55}},"34":{"start":{"line":75,"column":3},"end":{"line":75,"column":22}},"35":{"start":{"line":38,"column":17},"end":{"line":43,"column":null}},"36":{"start":{"line":39,"column":2},"end":{"line":39,"column":24}},"37":{"start":{"line":39,"column":16},"end":{"line":39,"column":22}},"38":{"start":{"line":40,"column":2},"end":{"line":41,"column":27}},"39":{"start":{"line":42,"column":2},"end":{"line":42,"column":43}},"40":{"start":{"line":13,"column":8},"end":{"line":13,"column":25}},"41":{"start":{"line":88,"column":0},"end":{"line":88,"column":24}}},"fnMap":{"0":{"name":"(anonymous_2)","decl":{"start":{"line":22,"column":1},"end":{"line":22,"column":14}},"loc":{"start":{"line":22,"column":51},"end":{"line":28,"column":2}}},"1":{"name":"(anonymous_3)","decl":{"start":{"line":30,"column":1},"end":{"line":30,"column":5}},"loc":{"start":{"line":30,"column":15},"end":{"line":30,"column":47}}},"2":{"name":"(anonymous_4)","decl":{"start":{"line":32,"column":1},"end":{"line":32,"column":5}},"loc":{"start":{"line":32,"column":7},"end":{"line":32,"column":29}}},"3":{"name":"(anonymous_5)","decl":{"start":{"line":34,"column":1},"end":{"line":34,"column":5}},"loc":{"start":{"line":34,"column":10},"end":{"line":34,"column":35}}},"4":{"name":"(anonymous_6)","decl":{"start":{"line":36,"column":1},"end":{"line":36,"column":5}},"loc":{"start":{"line":36,"column":10},"end":{"line":36,"column":35}}},"5":{"name":"(anonymous_7)","decl":{"start":{"line":45,"column":1},"end":{"line":45,"column":10}},"loc":{"start":{"line":45,"column":29},"end":{"line":45,"column":65}}},"6":{"name":"(anonymous_8)","decl":{"start":{"line":47,"column":1},"end":{"line":47,"column":10}},"loc":{"start":{"line":47,"column":29},"end":{"line":47,"column":82}}},"7":{"name":"(anonymous_9)","decl":{"start":{"line":49,"column":1},"end":{"line":49,"column":13}},"loc":{"start":{"line":49,"column":32},"end":{"line":49,"column":88}}},"8":{"name":"(anonymous_10)","decl":{"start":{"line":52,"column":1},"end":{"line":52,"column":13}},"loc":{"start":{"line":52,"column":38},"end":{"line":85,"column":2}}},"9":{"name":"_Accessor_setValueAt","decl":{"start":{"line":38,"column":17},"end":{"line":38,"column":38}},"loc":{"start":{"line":38,"column":54},"end":{"line":43,"column":2}}}},"branchMap":{"0":{"loc":{"start":{"line":63,"column":2},"end":{"line":68,"column":3}},"type":"if","locations":[{"start":{"line":63,"column":2},"end":{"line":68,"column":3}}]},"1":{"loc":{"start":{"line":65,"column":4},"end":{"line":65,"column":58}},"type":"binary-expr","locations":[{"start":{"line":65,"column":4},"end":{"line":65,"column":21}},{"start":{"line":65,"column":25},"end":{"line":65,"column":58}}]},"2":{"loc":{"start":{"line":69,"column":2},"end":{"line":76,"column":3}},"type":"if","locations":[{"start":{"line":69,"column":2},"end":{"line":76,"column":3}}]},"3":{"loc":{"start":{"line":73,"column":4},"end":{"line":73,"column":54}},"type":"binary-expr","locations":[{"start":{"line":73,"column":4},"end":{"line":73,"column":17}},{"start":{"line":73,"column":21},"end":{"line":73,"column":54}}]},"4":{"loc":{"start":{"line":39,"column":2},"end":{"line":39,"column":24}},"type":"if","locations":[{"start":{"line":39,"column":2},"end":{"line":39,"column":24}}]},"5":{"loc":{"start":{"line":40,"column":2},"end":{"line":41,"column":26}},"type":"binary-expr","locations":[{"start":{"line":40,"column":2},"end":{"line":40,"column":31}},{"start":{"line":41,"column":2},"end":{"line":41,"column":26}}]}},"s":{"0":4,"1":13,"2":13,"3":13,"4":13,"5":13,"6":13,"7":13,"8":13,"9":13,"10":10,"11":3,"12":12,"13":5,"14":19,"15":28,"16":9,"17":17,"18":17,"19":17,"20":17,"21":17,"22":17,"23":72,"24":17,"25":14,"26":61,"27":14,"28":3,"29":3,"30":3,"31":30,"32":3,"33":10,"34":3,"35":4,"36":70,"37":1,"38":69,"39":69,"40":4,"41":4},"f":{"0":13,"1":10,"2":3,"3":12,"4":5,"5":19,"6":28,"7":9,"8":31,"9":70},"b":{"0":[14],"1":[61,60],"2":[3],"3":[10,10],"4":[1],"5":[69,53]}}
,"/Users/stephenisienyi/projects-js/auto-immutable/pkg/src/model/accessor-cache/index.ts": {"path":"/Users/stephenisienyi/projects-js/auto-immutable/pkg/src/model/accessor-cache/index.ts","statementMap":{"0":{"start":{"line":8,"column":0},"end":{"line":8,"column":37}},"1":{"start":{"line":9,"column":0},"end":{"line":9,"column":37}},"2":{"start":{"line":11,"column":0},"end":{"line":11,"column":50}},"3":{"start":{"line":13,"column":0},"end":{"line":13,"column":53}},"4":{"start":{"line":15,"column":0},"end":{"line":15,"column":27}},"5":{"start":{"line":16,"column":0},"end":{"line":16,"column":35}},"6":{"start":{"line":19,"column":1},"end":{"line":19,"column":50}},"7":{"start":{"line":20,"column":1},"end":{"line":20,"column":26}},"8":{"start":{"line":21,"column":1},"end":{"line":21,"column":13}},"9":{"start":{"line":25,"column":2},"end":{"line":25,"column":23}},"10":{"start":{"line":26,"column":2},"end":{"line":26,"column":19}},"11":{"start":{"line":29,"column":2},"end":{"line":29,"column":24}},"12":{"start":{"line":32,"column":16},"end":{"line":32,"column":36}},"13":{"start":{"line":36,"column":20},"end":{"line":36,"column":35}},"14":{"start":{"line":37,"column":16},"end":{"line":37,"column":27}},"15":{"start":{"line":38,"column":23},"end":{"line":38,"column":25}},"16":{"start":{"line":39,"column":2},"end":{"line":61,"column":3}},"17":{"start":{"line":40,"column":41},"end":{"line":40,"column":66}},"18":{"start":{"line":41,"column":3},"end":{"line":57,"column":4}},"19":{"start":{"line":58,"column":3},"end":{"line":58,"column":64}},"20":{"start":{"line":58,"column":54},"end":{"line":58,"column":62}},"21":{"start":{"line":59,"column":3},"end":{"line":59,"column":40}},"22":{"start":{"line":60,"column":3},"end":{"line":60,"column":29}},"23":{"start":{"line":62,"column":2},"end":{"line":62,"column":39}},"24":{"start":{"line":62,"column":31},"end":{"line":62,"column":37}},"25":{"start":{"line":63,"column":2},"end":{"line":63,"column":86}},"26":{"start":{"line":63,"column":32},"end":{"line":63,"column":85}},"27":{"start":{"line":74,"column":2},"end":{"line":74,"column":72}},"28":{"start":{"line":74,"column":35},"end":{"line":74,"column":71}},"29":{"start":{"line":75,"column":19},"end":{"line":75,"column":50}},"30":{"start":{"line":76,"column":19},"end":{"line":78,"column":52}},"31":{"start":{"line":79,"column":2},"end":{"line":79,"column":68}},"32":{"start":{"line":80,"column":2},"end":{"line":80,"column":46}},"33":{"start":{"line":85,"column":20},"end":{"line":85,"column":35}},"34":{"start":{"line":86,"column":16},"end":{"line":86,"column":27}},"35":{"start":{"line":87,"column":2},"end":{"line":97,"column":3}},"36":{"start":{"line":88,"column":20},"end":{"line":88,"column":34}},"37":{"start":{"line":91,"column":3},"end":{"line":95,"column":4}},"38":{"start":{"line":92,"column":4},"end":{"line":94,"column":5}},"39":{"start":{"line":93,"column":5},"end":{"line":93,"column":23}},"40":{"start":{"line":96,"column":3},"end":{"line":96,"column":25}},"41":{"start":{"line":102,"column":2},"end":{"line":120,"column":null}},"42":{"start":{"line":105,"column":16},"end":{"line":105,"column":27}},"43":{"start":{"line":106,"column":19},"end":{"line":106,"column":48}},"44":{"start":{"line":107,"column":2},"end":{"line":107,"column":41}},"45":{"start":{"line":108,"column":2},"end":{"line":112,"column":3}},"46":{"start":{"line":109,"column":3},"end":{"line":111,"column":4}},"47":{"start":{"line":110,"column":4},"end":{"line":110,"column":64}},"48":{"start":{"line":113,"column":2},"end":{"line":113,"column":37}},"49":{"start":{"line":117,"column":2},"end":{"line":119,"column":47}},"50":{"start":{"line":123,"column":0},"end":{"line":123,"column":29}}},"fnMap":{"0":{"name":"(anonymous_3)","decl":{"start":{"line":24,"column":1},"end":{"line":24,"column":14}},"loc":{"start":{"line":24,"column":24},"end":{"line":30,"column":2}}},"1":{"name":"(anonymous_4)","decl":{"start":{"line":32,"column":1},"end":{"line":32,"column":5}},"loc":{"start":{"line":32,"column":11},"end":{"line":32,"column":37}}},"2":{"name":"(anonymous_5)","decl":{"start":{"line":35,"column":1},"end":{"line":35,"column":8}},"loc":{"start":{"line":35,"column":36},"end":{"line":64,"column":2}}},"3":{"name":"(anonymous_6)","decl":{"start":{"line":70,"column":1},"end":{"line":70,"column":4}},"loc":{"start":{"line":72,"column":34},"end":{"line":81,"column":2}}},"4":{"name":"(anonymous_7)","decl":{"start":{"line":84,"column":1},"end":{"line":84,"column":13}},"loc":{"start":{"line":84,"column":32},"end":{"line":98,"column":2}}},"5":{"name":"_AccessorCache_createAccessor","decl":{"start":{"line":102,"column":2},"end":{"line":102,"column":19}},"loc":{"start":{"line":103,"column":31},"end":{"line":114,"column":2}}},"6":{"name":"_AccessorCache_getOriginAt","decl":{"start":{"line":114,"column":2},"end":{"line":114,"column":null}},"loc":{"start":{"line":116,"column":36},"end":{"line":120,"column":2}}}},"branchMap":{"0":{"loc":{"start":{"line":41,"column":3},"end":{"line":57,"column":4}},"type":"if","locations":[{"start":{"line":41,"column":3},"end":{"line":57,"column":4}}]},"1":{"loc":{"start":{"line":41,"column":7},"end":{"line":42,"column":null}},"type":"binary-expr","locations":[{"start":{"line":41,"column":7},"end":{"line":41,"column":31}},{"start":{"line":41,"column":35},"end":{"line":41,"column":41}},{"start":{"line":42,"column":4},"end":{"line":42,"column":23}},{"start":{"line":42,"column":27},"end":{"line":42,"column":51}}]},"2":{"loc":{"start":{"line":58,"column":3},"end":{"line":58,"column":64}},"type":"if","locations":[{"start":{"line":58,"column":3},"end":{"line":58,"column":64}}]},"3":{"loc":{"start":{"line":62,"column":2},"end":{"line":62,"column":39}},"type":"if","locations":[{"start":{"line":62,"column":2},"end":{"line":62,"column":39}}]},"4":{"loc":{"start":{"line":74,"column":2},"end":{"line":74,"column":72}},"type":"if","locations":[{"start":{"line":74,"column":2},"end":{"line":74,"column":72}}]},"5":{"loc":{"start":{"line":76,"column":19},"end":{"line":78,"column":52}},"type":"cond-expr","locations":[{"start":{"line":77,"column":5},"end":{"line":77,"column":32}},{"start":{"line":78,"column":5},"end":{"line":78,"column":52}}]},"6":{"loc":{"start":{"line":79,"column":2},"end":{"line":79,"column":67}},"type":"binary-expr","locations":[{"start":{"line":79,"column":2},"end":{"line":79,"column":33}},{"start":{"line":79,"column":37},"end":{"line":79,"column":67}}]},"7":{"loc":{"start":{"line":92,"column":4},"end":{"line":94,"column":5}},"type":"if","locations":[{"start":{"line":92,"column":4},"end":{"line":94,"column":5}}]},"8":{"loc":{"start":{"line":92,"column":8},"end":{"line":92,"column":62}},"type":"binary-expr","locations":[{"start":{"line":92,"column":8},"end":{"line":92,"column":18}},{"start":{"line":92,"column":22},"end":{"line":92,"column":62}}]},"9":{"loc":{"start":{"line":109,"column":3},"end":{"line":111,"column":4}},"type":"if","locations":[{"start":{"line":109,"column":3},"end":{"line":111,"column":4}}]},"10":{"loc":{"start":{"line":117,"column":9},"end":{"line":119,"column":46}},"type":"cond-expr","locations":[{"start":{"line":118,"column":5},"end":{"line":118,"column":42}},{"start":{"line":119,"column":5},"end":{"line":119,"column":46}}]}},"s":{"0":3,"1":3,"2":3,"3":3,"4":3,"5":3,"6":11,"7":11,"8":11,"9":11,"10":11,"11":11,"12":4,"13":6,"14":6,"15":6,"16":6,"17":26,"18":26,"19":24,"20":14,"21":10,"22":10,"23":6,"24":2,"25":4,"26":6,"27":26,"28":1,"29":26,"30":26,"31":26,"32":26,"33":1,"34":1,"35":1,"36":1,"37":1,"38":1,"39":1,"40":1,"41":3,"42":8,"43":8,"44":8,"45":8,"46":27,"47":25,"48":8,"49":51,"50":3},"f":{"0":11,"1":4,"2":6,"3":26,"4":1,"5":8,"6":51},"b":{"0":[4],"1":[26,25,25,21],"2":[14],"3":[2],"4":[1],"5":[18,8],"6":[26,12],"7":[1],"8":[1,1],"9":[25],"10":[2,49]}}
,"/Users/stephenisienyi/projects-js/auto-immutable/pkg/src/model/atom/index.ts": {"path":"/Users/stephenisienyi/projects-js/auto-immutable/pkg/src/model/atom/index.ts","statementMap":{"0":{"start":{"line":1,"column":0},"end":{"line":1,"column":54}},"1":{"start":{"line":3,"column":19},"end":{"line":9,"column":4}},"2":{"start":{"line":4,"column":18},"end":{"line":4,"column":45}},"3":{"start":{"line":5,"column":12},"end":{"line":7,"column":2}},"4":{"start":{"line":6,"column":2},"end":{"line":6,"column":63}},"5":{"start":{"line":6,"column":8},"end":{"line":6,"column":34}},"6":{"start":{"line":6,"column":49},"end":{"line":6,"column":62}},"7":{"start":{"line":8,"column":1},"end":{"line":8,"column":11}},"8":{"start":{"line":17,"column":1},"end":{"line":17,"column":14}},"9":{"start":{"line":19,"column":1},"end":{"line":19,"column":8}},"10":{"start":{"line":23,"column":2},"end":{"line":23,"column":32}},"11":{"start":{"line":24,"column":2},"end":{"line":24,"column":25}},"12":{"start":{"line":27,"column":15},"end":{"line":27,"column":34}},"13":{"start":{"line":34,"column":2},"end":{"line":34,"column":38}},"14":{"start":{"line":35,"column":2},"end":{"line":35,"column":32}},"15":{"start":{"line":43,"column":2},"end":{"line":43,"column":41}},"16":{"start":{"line":44,"column":2},"end":{"line":44,"column":32}},"17":{"start":{"line":48,"column":29},"end":{"line":48,"column":72}},"18":{"start":{"line":52,"column":2},"end":{"line":54,"column":14}},"19":{"start":{"line":58,"column":0},"end":{"line":58,"column":20}}},"fnMap":{"0":{"name":"(anonymous_2)","decl":{"start":{"line":3,"column":20},"end":{"line":3,"column":23}},"loc":{"start":{"line":3,"column":25},"end":{"line":9,"column":1}}},"1":{"name":"(anonymous_3)","decl":{"start":{"line":5,"column":12},"end":{"line":5,"column":14}},"loc":{"start":{"line":5,"column":30},"end":{"line":7,"column":2}}},"2":{"name":"(anonymous_4)","decl":{"start":{"line":22,"column":1},"end":{"line":22,"column":14}},"loc":{"start":{"line":22,"column":31},"end":{"line":25,"column":2}}},"3":{"name":"(anonymous_5)","decl":{"start":{"line":27,"column":1},"end":{"line":27,"column":5}},"loc":{"start":{"line":27,"column":10},"end":{"line":27,"column":35}}},"4":{"name":"(anonymous_6)","decl":{"start":{"line":33,"column":1},"end":{"line":33,"column":8}},"loc":{"start":{"line":33,"column":20},"end":{"line":36,"column":2}}},"5":{"name":"(anonymous_7)","decl":{"start":{"line":42,"column":1},"end":{"line":42,"column":11}},"loc":{"start":{"line":42,"column":23},"end":{"line":45,"column":2}}},"6":{"name":"(anonymous_8)","decl":{"start":{"line":48,"column":1},"end":{"line":48,"column":12}},"loc":{"start":{"line":48,"column":24},"end":{"line":48,"column":73}}},"7":{"name":"(anonymous_9)","decl":{"start":{"line":51,"column":1},"end":{"line":51,"column":9}},"loc":{"start":{"line":51,"column":19},"end":{"line":55,"column":2}}}},"branchMap":{"0":{"loc":{"start":{"line":22,"column":14},"end":{"line":22,"column":31}},"type":"default-arg","locations":[{"start":{"line":22,"column":22},"end":{"line":22,"column":31}}]},"1":{"loc":{"start":{"line":52,"column":16},"end":{"line":54,"column":13}},"type":"cond-expr","locations":[{"start":{"line":53,"column":5},"end":{"line":53,"column":42}},{"start":{"line":54,"column":5},"end":{"line":54,"column":13}}]}},"s":{"0":5,"1":5,"2":5,"3":5,"4":74,"5":74,"6":73,"7":5,"8":52,"9":52,"10":52,"11":52,"12":102,"13":63,"14":63,"15":5,"16":5,"17":71,"18":74,"19":5},"f":{"0":5,"1":74,"2":52,"3":102,"4":63,"5":5,"6":71,"7":74},"b":{"0":[7],"1":[73,1]}}
,"/Users/stephenisienyi/projects-js/auto-immutable/pkg/src/set/index.ts": {"path":"/Users/stephenisienyi/projects-js/auto-immutable/pkg/src/set/index.ts","statementMap":{"0":{"start":{"line":10,"column":0},"end":{"line":10,"column":37}},"1":{"start":{"line":11,"column":0},"end":{"line":11,"column":49}},"2":{"start":{"line":13,"column":0},"end":{"line":13,"column":54}},"3":{"start":{"line":15,"column":0},"end":{"line":15,"column":76}},"4":{"start":{"line":17,"column":0},"end":{"line":17,"column":24}},"5":{"start":{"line":20,"column":18},"end":{"line":92,"column":4}},"6":{"start":{"line":21,"column":23},"end":{"line":21,"column":48}},"7":{"start":{"line":25,"column":2},"end":{"line":29,"column":15}},"8":{"start":{"line":36,"column":17},"end":{"line":36,"column":36}},"9":{"start":{"line":38,"column":2},"end":{"line":65,"column":3}},"10":{"start":{"line":40,"column":3},"end":{"line":43,"column":4}},"11":{"start":{"line":41,"column":4},"end":{"line":41,"column":31}},"12":{"start":{"line":42,"column":4},"end":{"line":42,"column":11}},"13":{"start":{"line":66,"column":2},"end":{"line":66,"column":47}},"14":{"start":{"line":73,"column":2},"end":{"line":73,"column":68}},"15":{"start":{"line":73,"column":60},"end":{"line":73,"column":66}},"16":{"start":{"line":74,"column":23},"end":{"line":74,"column":69}},"17":{"start":{"line":75,"column":30},"end":{"line":75,"column":69}},"18":{"start":{"line":76,"column":2},"end":{"line":83,"column":3}},"19":{"start":{"line":77,"column":3},"end":{"line":79,"column":4}},"20":{"start":{"line":78,"column":4},"end":{"line":78,"column":55}},"21":{"start":{"line":80,"column":3},"end":{"line":82,"column":4}},"22":{"start":{"line":81,"column":4},"end":{"line":81,"column":60}},"23":{"start":{"line":84,"column":2},"end":{"line":86,"column":3}},"24":{"start":{"line":85,"column":3},"end":{"line":85,"column":null}},"25":{"start":{"line":87,"column":2},"end":{"line":87,"column":66}},"26":{"start":{"line":87,"column":58},"end":{"line":87,"column":64}},"27":{"start":{"line":88,"column":2},"end":{"line":88,"column":26}},"28":{"start":{"line":89,"column":2},"end":{"line":89,"column":69}},"29":{"start":{"line":91,"column":1},"end":{"line":91,"column":18}},"30":{"start":{"line":95,"column":1},"end":{"line":97,"column":2}},"31":{"start":{"line":96,"column":2},"end":{"line":96,"column":45}},"32":{"start":{"line":96,"column":31},"end":{"line":96,"column":44}},"33":{"start":{"line":98,"column":1},"end":{"line":98,"column":13}},"34":{"start":{"line":102,"column":1},"end":{"line":106,"column":2}},"35":{"start":{"line":103,"column":2},"end":{"line":105,"column":3}},"36":{"start":{"line":104,"column":3},"end":{"line":104,"column":16}},"37":{"start":{"line":107,"column":1},"end":{"line":107,"column":13}},"38":{"start":{"line":117,"column":38},"end":{"line":117,"column":40}},"39":{"start":{"line":118,"column":1},"end":{"line":120,"column":2}},"40":{"start":{"line":119,"column":2},"end":{"line":119,"column":58}},"41":{"start":{"line":121,"column":1},"end":{"line":121,"column":70}},"42":{"start":{"line":121,"column":49},"end":{"line":121,"column":69}},"43":{"start":{"line":122,"column":1},"end":{"line":124,"column":2}},"44":{"start":{"line":123,"column":2},"end":{"line":123,"column":25}},"45":{"start":{"line":125,"column":1},"end":{"line":142,"column":2}},"46":{"start":{"line":126,"column":2},"end":{"line":126,"column":42}},"47":{"start":{"line":126,"column":35},"end":{"line":126,"column":40}},"48":{"start":{"line":127,"column":2},"end":{"line":129,"column":3}},"49":{"start":{"line":128,"column":3},"end":{"line":128,"column":69}},"50":{"start":{"line":130,"column":2},"end":{"line":141,"column":3}},"51":{"start":{"line":131,"column":11},"end":{"line":131,"column":16}},"52":{"start":{"line":133,"column":3},"end":{"line":137,"column":4}},"53":{"start":{"line":134,"column":4},"end":{"line":134,"column":21}},"54":{"start":{"line":138,"column":3},"end":{"line":138,"column":52}},"55":{"start":{"line":139,"column":3},"end":{"line":139,"column":37}},"56":{"start":{"line":140,"column":3},"end":{"line":140,"column":36}},"57":{"start":{"line":143,"column":1},"end":{"line":143,"column":21}},"58":{"start":{"line":150,"column":1},"end":{"line":152,"column":2}},"59":{"start":{"line":151,"column":2},"end":{"line":151,"column":40}},"60":{"start":{"line":169,"column":18},"end":{"line":169,"column":43}},"61":{"start":{"line":170,"column":1},"end":{"line":173,"column":2}},"62":{"start":{"line":171,"column":2},"end":{"line":171,"column":37}},"63":{"start":{"line":172,"column":2},"end":{"line":172,"column":26}},"64":{"start":{"line":174,"column":1},"end":{"line":176,"column":2}},"65":{"start":{"line":174,"column":14},"end":{"line":174,"column":15}},"66":{"start":{"line":175,"column":2},"end":{"line":175,"column":62}},"67":{"start":{"line":193,"column":25},"end":{"line":193,"column":27}},"68":{"start":{"line":194,"column":1},"end":{"line":202,"column":2}},"69":{"start":{"line":195,"column":14},"end":{"line":195,"column":16}},"70":{"start":{"line":196,"column":2},"end":{"line":200,"column":3}},"71":{"start":{"line":197,"column":3},"end":{"line":197,"column":43}},"72":{"start":{"line":198,"column":3},"end":{"line":198,"column":57}},"73":{"start":{"line":199,"column":3},"end":{"line":199,"column":34}},"74":{"start":{"line":201,"column":2},"end":{"line":201,"column":46}},"75":{"start":{"line":203,"column":26},"end":{"line":203,"column":56}},"76":{"start":{"line":205,"column":1},"end":{"line":208,"column":2}},"77":{"start":{"line":206,"column":2},"end":{"line":206,"column":49}},"78":{"start":{"line":207,"column":2},"end":{"line":207,"column":26}},"79":{"start":{"line":209,"column":1},"end":{"line":211,"column":2}},"80":{"start":{"line":210,"column":2},"end":{"line":210,"column":62}},"81":{"start":{"line":218,"column":1},"end":{"line":218,"column":52}},"82":{"start":{"line":226,"column":15},"end":{"line":226,"column":36}},"83":{"start":{"line":227,"column":1},"end":{"line":233,"column":2}},"84":{"start":{"line":228,"column":2},"end":{"line":228,"column":59}},"85":{"start":{"line":230,"column":2},"end":{"line":232,"column":3}},"86":{"start":{"line":231,"column":3},"end":{"line":231,"column":60}},"87":{"start":{"line":234,"column":1},"end":{"line":234,"column":48}}},"fnMap":{"0":{"name":"(anonymous_7)","decl":{"start":{"line":20,"column":19},"end":{"line":20,"column":22}},"loc":{"start":{"line":20,"column":24},"end":{"line":92,"column":1}}},"1":{"name":"getCompositeDesc","decl":{"start":{"line":24,"column":10},"end":{"line":24,"column":26}},"loc":{"start":{"line":24,"column":33},"end":{"line":30,"column":2}}},"2":{"name":"finalizeAtomicSet","decl":{"start":{"line":35,"column":10},"end":{"line":35,"column":27}},"loc":{"start":{"line":35,"column":86},"end":{"line":67,"column":2}}},"3":{"name":"setAtomic","decl":{"start":{"line":72,"column":10},"end":{"line":72,"column":19}},"loc":{"start":{"line":72,"column":76},"end":{"line":90,"column":2}}},"4":{"name":"isArrayTaggedPayload","decl":{"start":{"line":94,"column":9},"end":{"line":94,"column":29}},"loc":{"start":{"line":94,"column":43},"end":{"line":99,"column":1}}},"5":{"name":"isIndexBasedObj","decl":{"start":{"line":101,"column":9},"end":{"line":101,"column":24}},"loc":{"start":{"line":101,"column":34},"end":{"line":108,"column":1}}},"6":{"name":"resolveTags","decl":{"start":{"line":111,"column":9},"end":{"line":111,"column":20}},"loc":{"start":{"line":115,"column":14},"end":{"line":144,"column":1}}},"7":{"name":"set","decl":{"start":{"line":149,"column":9},"end":{"line":149,"column":12}},"loc":{"start":{"line":149,"column":35},"end":{"line":153,"column":1}}},"8":{"name":"setArray","decl":{"start":{"line":168,"column":9},"end":{"line":168,"column":17}},"loc":{"start":{"line":168,"column":57},"end":{"line":177,"column":1}}},"9":{"name":"setArrayIndex","decl":{"start":{"line":192,"column":9},"end":{"line":192,"column":22}},"loc":{"start":{"line":192,"column":62},"end":{"line":212,"column":1}}},"10":{"name":"setPlainObject","decl":{"start":{"line":217,"column":9},"end":{"line":217,"column":23}},"loc":{"start":{"line":217,"column":55},"end":{"line":219,"column":1}}},"11":{"name":"setValue","decl":{"start":{"line":221,"column":9},"end":{"line":221,"column":17}},"loc":{"start":{"line":224,"column":26},"end":{"line":235,"column":1}}}},"branchMap":{"0":{"loc":{"start":{"line":25,"column":9},"end":{"line":29,"column":14}},"type":"cond-expr","locations":[{"start":{"line":26,"column":5},"end":{"line":26,"column":12}},{"start":{"line":27,"column":5},"end":{"line":29,"column":14}}]},"1":{"loc":{"start":{"line":27,"column":5},"end":{"line":29,"column":14}},"type":"cond-expr","locations":[{"start":{"line":28,"column":5},"end":{"line":28,"column":13}},{"start":{"line":29,"column":5},"end":{"line":29,"column":14}}]},"2":{"loc":{"start":{"line":35,"column":55},"end":{"line":35,"column":86}},"type":"default-arg","locations":[{"start":{"line":35,"column":77},"end":{"line":35,"column":86}}]},"3":{"loc":{"start":{"line":38,"column":2},"end":{"line":65,"column":3}},"type":"if","locations":[{"start":{"line":38,"column":2},"end":{"line":65,"column":3}}]},"4":{"loc":{"start":{"line":40,"column":3},"end":{"line":43,"column":4}},"type":"if","locations":[{"start":{"line":40,"column":3},"end":{"line":43,"column":4}}]},"5":{"loc":{"start":{"line":72,"column":47},"end":{"line":72,"column":76}},"type":"default-arg","locations":[{"start":{"line":72,"column":55},"end":{"line":72,"column":76}}]},"6":{"loc":{"start":{"line":73,"column":2},"end":{"line":73,"column":68}},"type":"if","locations":[{"start":{"line":73,"column":2},"end":{"line":73,"column":68}}]},"7":{"loc":{"start":{"line":76,"column":2},"end":{"line":83,"column":3}},"type":"if","locations":[{"start":{"line":76,"column":2},"end":{"line":83,"column":3}}]},"8":{"loc":{"start":{"line":77,"column":3},"end":{"line":79,"column":4}},"type":"if","locations":[{"start":{"line":77,"column":3},"end":{"line":79,"column":4}}]},"9":{"loc":{"start":{"line":80,"column":3},"end":{"line":82,"column":4}},"type":"if","locations":[{"start":{"line":80,"column":3},"end":{"line":82,"column":4}}]},"10":{"loc":{"start":{"line":80,"column":7},"end":{"line":80,"column":81}},"type":"binary-expr","locations":[{"start":{"line":80,"column":7},"end":{"line":80,"column":39}},{"start":{"line":80,"column":43},"end":{"line":80,"column":81}}]},"11":{"loc":{"start":{"line":84,"column":2},"end":{"line":86,"column":3}},"type":"if","locations":[{"start":{"line":84,"column":2},"end":{"line":86,"column":3}}]},"12":{"loc":{"start":{"line":84,"column":8},"end":{"line":84,"column":90}},"type":"binary-expr","locations":[{"start":{"line":84,"column":8},"end":{"line":84,"column":52}},{"start":{"line":84,"column":56},"end":{"line":84,"column":90}}]},"13":{"loc":{"start":{"line":87,"column":2},"end":{"line":87,"column":66}},"type":"if","locations":[{"start":{"line":87,"column":2},"end":{"line":87,"column":66}}]},"14":{"loc":{"start":{"line":87,"column":6},"end":{"line":87,"column":53}},"type":"binary-expr","locations":[{"start":{"line":87,"column":6},"end":{"line":87,"column":25}},{"start":{"line":87,"column":29},"end":{"line":87,"column":53}}]},"15":{"loc":{"start":{"line":96,"column":2},"end":{"line":96,"column":45}},"type":"if","locations":[{"start":{"line":96,"column":2},"end":{"line":96,"column":45}}]},"16":{"loc":{"start":{"line":103,"column":2},"end":{"line":105,"column":3}},"type":"if","locations":[{"start":{"line":103,"column":2},"end":{"line":105,"column":3}}]},"17":{"loc":{"start":{"line":103,"column":9},"end":{"line":103,"column":52}},"type":"binary-expr","locations":[{"start":{"line":103,"column":9},"end":{"line":103,"column":26}},{"start":{"line":103,"column":30},"end":{"line":103,"column":52}}]},"18":{"loc":{"start":{"line":118,"column":1},"end":{"line":120,"column":2}},"type":"if","locations":[{"start":{"line":118,"column":1},"end":{"line":120,"column":2}}]},"19":{"loc":{"start":{"line":121,"column":1},"end":{"line":121,"column":70}},"type":"if","locations":[{"start":{"line":121,"column":1},"end":{"line":121,"column":70}}]},"20":{"loc":{"start":{"line":122,"column":1},"end":{"line":124,"column":2}},"type":"if","locations":[{"start":{"line":122,"column":1},"end":{"line":124,"column":2}}]},"21":{"loc":{"start":{"line":122,"column":5},"end":{"line":122,"column":74}},"type":"binary-expr","locations":[{"start":{"line":122,"column":5},"end":{"line":122,"column":27}},{"start":{"line":122,"column":31},"end":{"line":122,"column":74}}]},"22":{"loc":{"start":{"line":126,"column":2},"end":{"line":126,"column":42}},"type":"if","locations":[{"start":{"line":126,"column":2},"end":{"line":126,"column":42}}]},"23":{"loc":{"start":{"line":127,"column":2},"end":{"line":129,"column":3}},"type":"if","locations":[{"start":{"line":127,"column":2},"end":{"line":129,"column":3}}]},"24":{"loc":{"start":{"line":130,"column":2},"end":{"line":141,"column":3}},"type":"if","locations":[{"start":{"line":130,"column":2},"end":{"line":141,"column":3}}]},"25":{"loc":{"start":{"line":133,"column":3},"end":{"line":137,"column":4}},"type":"if","locations":[{"start":{"line":133,"column":3},"end":{"line":137,"column":4}}]},"26":{"loc":{"start":{"line":170,"column":1},"end":{"line":173,"column":2}},"type":"if","locations":[{"start":{"line":170,"column":1},"end":{"line":173,"column":2}}]},"27":{"loc":{"start":{"line":196,"column":2},"end":{"line":200,"column":3}},"type":"if","locations":[{"start":{"line":196,"column":2},"end":{"line":200,"column":3}}]},"28":{"loc":{"start":{"line":201,"column":2},"end":{"line":201,"column":45}},"type":"binary-expr","locations":[{"start":{"line":201,"column":2},"end":{"line":201,"column":12}},{"start":{"line":201,"column":16},"end":{"line":201,"column":45}}]},"29":{"loc":{"start":{"line":205,"column":1},"end":{"line":208,"column":2}},"type":"if","locations":[{"start":{"line":205,"column":1},"end":{"line":208,"column":2}}]},"30":{"loc":{"start":{"line":227,"column":1},"end":{"line":233,"column":2}},"type":"if","locations":[{"start":{"line":227,"column":1},"end":{"line":233,"column":2}},{"start":{"line":229,"column":8},"end":{"line":233,"column":2}}]},"31":{"loc":{"start":{"line":234,"column":1},"end":{"line":234,"column":47}},"type":"binary-expr","locations":[{"start":{"line":234,"column":1},"end":{"line":234,"column":17}},{"start":{"line":234,"column":21},"end":{"line":234,"column":47}}]}},"s":{"0":3,"1":3,"2":3,"3":3,"4":3,"5":3,"6":3,"7":884,"8":231,"9":231,"10":68,"11":68,"12":68,"13":163,"14":944,"15":25,"16":919,"17":884,"18":884,"19":191,"20":52,"21":139,"22":74,"23":758,"24":333,"25":425,"26":194,"27":231,"28":231,"29":3,"30":369,"31":369,"32":333,"33":36,"34":198,"35":170,"36":92,"37":106,"38":919,"39":919,"40":1,"41":919,"42":68,"43":851,"44":26,"45":851,"46":1053,"47":1,"48":1052,"49":56,"50":1052,"51":282,"52":282,"53":79,"54":282,"55":247,"56":247,"57":816,"58":534,"59":642,"60":52,"61":52,"62":50,"63":50,"64":52,"65":52,"66":93,"67":74,"68":74,"69":46,"70":46,"71":2,"72":2,"73":2,"74":46,"75":74,"76":74,"77":34,"78":34,"79":74,"80":46,"81":333,"82":197,"83":197,"84":196,"85":1,"86":5,"87":162},"f":{"0":3,"1":884,"2":231,"3":944,"4":369,"5":198,"6":919,"7":534,"8":52,"9":74,"10":333,"11":197},"b":{"0":[92,792],"1":[553,239],"2":[68],"3":[68],"4":[68],"5":[163],"6":[25],"7":[191],"8":[52],"9":[74],"10":[139,75],"11":[333],"12":[758,479],"13":[194],"14":[425,231],"15":[333],"16":[92],"17":[170,170],"18":[1],"19":[68],"20":[26],"21":[851,273],"22":[1],"23":[56],"24":[282],"25":[79],"26":[50],"27":[2],"28":[46,46],"29":[34],"30":[196,1],"31":[162,135]}}
,"/Users/stephenisienyi/projects-js/auto-immutable/pkg/src/set/tag-functions/index.ts": {"path":"/Users/stephenisienyi/projects-js/auto-immutable/pkg/src/set/tag-functions/index.ts","statementMap":{"0":{"start":{"line":26,"column":0},"end":{"line":26,"column":37}},"1":{"start":{"line":27,"column":0},"end":{"line":27,"column":37}},"2":{"start":{"line":28,"column":0},"end":{"line":28,"column":49}},"3":{"start":{"line":30,"column":0},"end":{"line":30,"column":null}},"4":{"start":{"line":40,"column":0},"end":{"line":40,"column":76}},"5":{"start":{"line":57,"column":13},"end":{"line":86,"column":5}},"6":{"start":{"line":58,"column":38},"end":{"line":58,"column":48}},"7":{"start":{"line":58,"column":44},"end":{"line":58,"column":48}},"8":{"start":{"line":59,"column":18},"end":{"line":59,"column":65}},"9":{"start":{"line":59,"column":41},"end":{"line":59,"column":65}},"10":{"start":{"line":60,"column":20},"end":{"line":66,"column":2}},"11":{"start":{"line":61,"column":2},"end":{"line":64,"column":3}},"12":{"start":{"line":62,"column":3},"end":{"line":62,"column":30}},"13":{"start":{"line":63,"column":3},"end":{"line":63,"column":27}},"14":{"start":{"line":65,"column":2},"end":{"line":65,"column":51}},"15":{"start":{"line":67,"column":29},"end":{"line":84,"column":2}},"16":{"start":{"line":68,"column":2},"end":{"line":68,"column":90}},"17":{"start":{"line":68,"column":33},"end":{"line":68,"column":89}},"18":{"start":{"line":69,"column":17},"end":{"line":69,"column":34}},"19":{"start":{"line":70,"column":2},"end":{"line":70,"column":116}},"20":{"start":{"line":70,"column":59},"end":{"line":70,"column":115}},"21":{"start":{"line":71,"column":2},"end":{"line":79,"column":3}},"22":{"start":{"line":72,"column":20},"end":{"line":72,"column":25}},"23":{"start":{"line":73,"column":3},"end":{"line":76,"column":4}},"24":{"start":{"line":74,"column":4},"end":{"line":74,"column":34}},"25":{"start":{"line":75,"column":4},"end":{"line":75,"column":22}},"26":{"start":{"line":77,"column":3},"end":{"line":77,"column":53}},"27":{"start":{"line":78,"column":3},"end":{"line":78,"column":59}},"28":{"start":{"line":80,"column":15},"end":{"line":80,"column":38}},"29":{"start":{"line":81,"column":2},"end":{"line":81,"column":96}},"30":{"start":{"line":81,"column":28},"end":{"line":81,"column":95}},"31":{"start":{"line":82,"column":2},"end":{"line":82,"column":95}},"32":{"start":{"line":82,"column":27},"end":{"line":82,"column":94}},"33":{"start":{"line":83,"column":2},"end":{"line":83,"column":48}},"34":{"start":{"line":85,"column":1},"end":{"line":85,"column":14}},"35":{"start":{"line":99,"column":37},"end":{"line":153,"column":1}},"36":{"start":{"line":100,"column":20},"end":{"line":100,"column":64}},"37":{"start":{"line":101,"column":1},"end":{"line":103,"column":2}},"38":{"start":{"line":102,"column":2},"end":{"line":102,"column":126}},"39":{"start":{"line":104,"column":16},"end":{"line":104,"column":71}},"40":{"start":{"line":104,"column":22},"end":{"line":104,"column":71}},"41":{"start":{"line":106,"column":1},"end":{"line":110,"column":33}},"42":{"start":{"line":107,"column":2},"end":{"line":107,"column":101}},"43":{"start":{"line":107,"column":29},"end":{"line":107,"column":100}},"44":{"start":{"line":108,"column":2},"end":{"line":108,"column":32}},"45":{"start":{"line":109,"column":2},"end":{"line":109,"column":83}},"46":{"start":{"line":109,"column":31},"end":{"line":109,"column":82}},"47":{"start":{"line":110,"column":16},"end":{"line":110,"column":32}},"48":{"start":{"line":111,"column":1},"end":{"line":111,"column":50}},"49":{"start":{"line":112,"column":18},"end":{"line":112,"column":23}},"50":{"start":{"line":113,"column":1},"end":{"line":121,"column":2}},"51":{"start":{"line":114,"column":2},"end":{"line":118,"column":3}},"52":{"start":{"line":115,"column":3},"end":{"line":115,"column":57}},"53":{"start":{"line":115,"column":47},"end":{"line":115,"column":55}},"54":{"start":{"line":116,"column":3},"end":{"line":116,"column":33}},"55":{"start":{"line":117,"column":3},"end":{"line":117,"column":21}},"56":{"start":{"line":119,"column":2},"end":{"line":119,"column":52}},"57":{"start":{"line":120,"column":2},"end":{"line":120,"column":18}},"58":{"start":{"line":122,"column":17},"end":{"line":122,"column":33}},"59":{"start":{"line":123,"column":19},"end":{"line":123,"column":21}},"60":{"start":{"line":124,"column":1},"end":{"line":132,"column":2}},"61":{"start":{"line":125,"column":14},"end":{"line":125,"column":18}},"62":{"start":{"line":126,"column":2},"end":{"line":126,"column":36}},"63":{"start":{"line":126,"column":26},"end":{"line":126,"column":34}},"64":{"start":{"line":127,"column":2},"end":{"line":130,"column":3}},"65":{"start":{"line":128,"column":3},"end":{"line":128,"column":27}},"66":{"start":{"line":129,"column":3},"end":{"line":129,"column":31}},"67":{"start":{"line":129,"column":21},"end":{"line":129,"column":29}},"68":{"start":{"line":131,"column":2},"end":{"line":131,"column":28}},"69":{"start":{"line":133,"column":18},"end":{"line":133,"column":20}},"70":{"start":{"line":134,"column":18},"end":{"line":134,"column":19}},"71":{"start":{"line":135,"column":1},"end":{"line":144,"column":2}},"72":{"start":{"line":135,"column":23},"end":{"line":135,"column":33}},"73":{"start":{"line":135,"column":47},"end":{"line":135,"column":64}},"74":{"start":{"line":136,"column":2},"end":{"line":139,"column":3}},"75":{"start":{"line":137,"column":3},"end":{"line":137,"column":44}},"76":{"start":{"line":138,"column":3},"end":{"line":138,"column":12}},"77":{"start":{"line":140,"column":2},"end":{"line":143,"column":3}},"78":{"start":{"line":141,"column":3},"end":{"line":141,"column":16}},"79":{"start":{"line":142,"column":3},"end":{"line":142,"column":9}},"80":{"start":{"line":145,"column":1},"end":{"line":147,"column":2}},"81":{"start":{"line":146,"column":2},"end":{"line":146,"column":52}},"82":{"start":{"line":148,"column":1},"end":{"line":148,"column":54}},"83":{"start":{"line":148,"column":37},"end":{"line":148,"column":53}},"84":{"start":{"line":149,"column":3},"end":{"line":149,"column":48}},"85":{"start":{"line":150,"column":3},"end":{"line":150,"column":57}},"86":{"start":{"line":151,"column":1},"end":{"line":151,"column":25}},"87":{"start":{"line":152,"column":1},"end":{"line":152,"column":10}},"88":{"start":{"line":99,"column":13},"end":{"line":99,"column":37}},"89":{"start":{"line":164,"column":35},"end":{"line":186,"column":1}},"90":{"start":{"line":165,"column":16},"end":{"line":165,"column":58}},"91":{"start":{"line":166,"column":1},"end":{"line":168,"column":2}},"92":{"start":{"line":167,"column":2},"end":{"line":167,"column":227}},"93":{"start":{"line":169,"column":16},"end":{"line":169,"column":69}},"94":{"start":{"line":169,"column":22},"end":{"line":169,"column":69}},"95":{"start":{"line":170,"column":16},"end":{"line":170,"column":33}},"96":{"start":{"line":171,"column":1},"end":{"line":171,"column":51}},"97":{"start":{"line":171,"column":34},"end":{"line":171,"column":50}},"98":{"start":{"line":172,"column":14},"end":{"line":172,"column":27}},"99":{"start":{"line":173,"column":1},"end":{"line":173,"column":32}},"100":{"start":{"line":173,"column":15},"end":{"line":173,"column":31}},"101":{"start":{"line":174,"column":34},"end":{"line":174,"column":38}},"102":{"start":{"line":175,"column":1},"end":{"line":175,"column":72}},"103":{"start":{"line":175,"column":55},"end":{"line":175,"column":71}},"104":{"start":{"line":176,"column":1},"end":{"line":176,"column":38}},"105":{"start":{"line":176,"column":18},"end":{"line":176,"column":37}},"106":{"start":{"line":177,"column":1},"end":{"line":177,"column":51}},"107":{"start":{"line":177,"column":34},"end":{"line":177,"column":50}},"108":{"start":{"line":178,"column":1},"end":{"line":178,"column":32}},"109":{"start":{"line":178,"column":16},"end":{"line":178,"column":31}},"110":{"start":{"line":179,"column":1},"end":{"line":179,"column":47}},"111":{"start":{"line":179,"column":30},"end":{"line":179,"column":46}},"112":{"start":{"line":180,"column":1},"end":{"line":180,"column":38}},"113":{"start":{"line":180,"column":21},"end":{"line":180,"column":37}},"114":{"start":{"line":181,"column":24},"end":{"line":181,"column":35}},"115":{"start":{"line":182,"column":1},"end":{"line":182,"column":62}},"116":{"start":{"line":182,"column":35},"end":{"line":182,"column":61}},"117":{"start":{"line":183,"column":3},"end":{"line":183,"column":89}},"118":{"start":{"line":184,"column":1},"end":{"line":184,"column":25}},"119":{"start":{"line":185,"column":1},"end":{"line":185,"column":10}},"120":{"start":{"line":164,"column":13},"end":{"line":164,"column":35}},"121":{"start":{"line":198,"column":35},"end":{"line":209,"column":1}},"122":{"start":{"line":199,"column":16},"end":{"line":199,"column":58}},"123":{"start":{"line":200,"column":1},"end":{"line":202,"column":2}},"124":{"start":{"line":201,"column":2},"end":{"line":201,"column":143}},"125":{"start":{"line":203,"column":1},"end":{"line":205,"column":2}},"126":{"start":{"line":204,"column":2},"end":{"line":204,"column":57}},"127":{"start":{"line":206,"column":3},"end":{"line":206,"column":53}},"128":{"start":{"line":207,"column":1},"end":{"line":207,"column":25}},"129":{"start":{"line":208,"column":1},"end":{"line":208,"column":49}},"130":{"start":{"line":198,"column":13},"end":{"line":198,"column":35}},"131":{"start":{"line":226,"column":38},"end":{"line":228,"column":1}},"132":{"start":{"line":227,"column":1},"end":{"line":227,"column":69}},"133":{"start":{"line":226,"column":13},"end":{"line":226,"column":38}},"134":{"start":{"line":245,"column":13},"end":{"line":255,"column":5}},"135":{"start":{"line":246,"column":18},"end":{"line":246,"column":43}},"136":{"start":{"line":247,"column":27},"end":{"line":253,"column":2}},"137":{"start":{"line":248,"column":19},"end":{"line":248,"column":35}},"138":{"start":{"line":249,"column":2},"end":{"line":251,"column":3}},"139":{"start":{"line":250,"column":3},"end":{"line":250,"column":116}},"140":{"start":{"line":252,"column":2},"end":{"line":252,"column":67}},"141":{"start":{"line":254,"column":1},"end":{"line":254,"column":12}},"142":{"start":{"line":267,"column":37},"end":{"line":300,"column":1}},"143":{"start":{"line":268,"column":16},"end":{"line":268,"column":60}},"144":{"start":{"line":269,"column":1},"end":{"line":271,"column":2}},"145":{"start":{"line":270,"column":2},"end":{"line":270,"column":147}},"146":{"start":{"line":272,"column":40},"end":{"line":272,"column":44}},"147":{"start":{"line":273,"column":12},"end":{"line":273,"column":24}},"148":{"start":{"line":274,"column":16},"end":{"line":274,"column":33}},"149":{"start":{"line":275,"column":1},"end":{"line":277,"column":2}},"150":{"start":{"line":276,"column":2},"end":{"line":276,"column":59}},"151":{"start":{"line":278,"column":1},"end":{"line":294,"column":2}},"152":{"start":{"line":279,"column":15},"end":{"line":279,"column":28}},"153":{"start":{"line":280,"column":2},"end":{"line":282,"column":33}},"154":{"start":{"line":283,"column":17},"end":{"line":283,"column":29}},"155":{"start":{"line":284,"column":2},"end":{"line":284,"column":43}},"156":{"start":{"line":284,"column":26},"end":{"line":284,"column":42}},"157":{"start":{"line":285,"column":2},"end":{"line":285,"column":57}},"158":{"start":{"line":285,"column":33},"end":{"line":285,"column":56}},"159":{"start":{"line":286,"column":23},"end":{"line":286,"column":24}},"160":{"start":{"line":287,"column":2},"end":{"line":289,"column":3}},"161":{"start":{"line":288,"column":3},"end":{"line":288,"column":88}},"162":{"start":{"line":288,"column":81},"end":{"line":288,"column":86}},"163":{"start":{"line":290,"column":2},"end":{"line":290,"column":26}},"164":{"start":{"line":291,"column":2},"end":{"line":291,"column":36}},"165":{"start":{"line":292,"column":2},"end":{"line":292,"column":22}},"166":{"start":{"line":293,"column":2},"end":{"line":293,"column":32}},"167":{"start":{"line":295,"column":1},"end":{"line":298,"column":2}},"168":{"start":{"line":296,"column":4},"end":{"line":296,"column":77}},"169":{"start":{"line":297,"column":2},"end":{"line":297,"column":26}},"170":{"start":{"line":299,"column":1},"end":{"line":299,"column":51}},"171":{"start":{"line":267,"column":13},"end":{"line":267,"column":37}},"172":{"start":{"line":302,"column":15},"end":{"line":310,"column":2}},"173":{"start":{"line":312,"column":0},"end":{"line":312,"column":22}},"174":{"start":{"line":318,"column":1},"end":{"line":318,"column":null}},"175":{"start":{"line":330,"column":13},"end":{"line":342,"column":5}},"176":{"start":{"line":331,"column":20},"end":{"line":335,"column":3}},"177":{"start":{"line":339,"column":2},"end":{"line":339,"column":40}},"178":{"start":{"line":341,"column":1},"end":{"line":341,"column":11}},"179":{"start":{"line":358,"column":13},"end":{"line":366,"column":5}},"180":{"start":{"line":359,"column":23},"end":{"line":359,"column":46}},"181":{"start":{"line":363,"column":2},"end":{"line":363,"column":43}},"182":{"start":{"line":365,"column":1},"end":{"line":365,"column":11}},"183":{"start":{"line":371,"column":22},"end":{"line":371,"column":48}},"184":{"start":{"line":372,"column":1},"end":{"line":380,"column":2}},"185":{"start":{"line":375,"column":2},"end":{"line":378,"column":3}},"186":{"start":{"line":376,"column":3},"end":{"line":376,"column":35}},"187":{"start":{"line":377,"column":3},"end":{"line":377,"column":27}},"188":{"start":{"line":379,"column":2},"end":{"line":379,"column":52}},"189":{"start":{"line":381,"column":1},"end":{"line":383,"column":2}},"190":{"start":{"line":382,"column":2},"end":{"line":382,"column":52}},"191":{"start":{"line":384,"column":1},"end":{"line":391,"column":2}},"192":{"start":{"line":389,"column":2},"end":{"line":389,"column":47}},"193":{"start":{"line":390,"column":2},"end":{"line":390,"column":48}},"194":{"start":{"line":392,"column":1},"end":{"line":398,"column":2}},"195":{"start":{"line":393,"column":2},"end":{"line":397,"column":3}},"196":{"start":{"line":394,"column":3},"end":{"line":394,"column":45}},"197":{"start":{"line":396,"column":3},"end":{"line":396,"column":33}},"198":{"start":{"line":399,"column":1},"end":{"line":401,"column":2}},"199":{"start":{"line":400,"column":2},"end":{"line":400,"column":44}},"200":{"start":{"line":402,"column":1},"end":{"line":402,"column":25}},"201":{"start":{"line":403,"column":1},"end":{"line":403,"column":44}},"202":{"start":{"line":406,"column":25},"end":{"line":425,"column":4}},"203":{"start":{"line":407,"column":13},"end":{"line":407,"column":58}},"204":{"start":{"line":407,"column":35},"end":{"line":407,"column":57}},"205":{"start":{"line":413,"column":2},"end":{"line":413,"column":57}},"206":{"start":{"line":413,"column":29},"end":{"line":413,"column":56}},"207":{"start":{"line":414,"column":17},"end":{"line":414,"column":18}},"208":{"start":{"line":415,"column":2},"end":{"line":417,"column":3}},"209":{"start":{"line":416,"column":3},"end":{"line":416,"column":63}},"210":{"start":{"line":416,"column":28},"end":{"line":416,"column":62}},"211":{"start":{"line":418,"column":2},"end":{"line":418,"column":15}},"212":{"start":{"line":419,"column":2},"end":{"line":421,"column":3}},"213":{"start":{"line":420,"column":3},"end":{"line":420,"column":63}},"214":{"start":{"line":420,"column":28},"end":{"line":420,"column":62}},"215":{"start":{"line":422,"column":2},"end":{"line":422,"column":22}},"216":{"start":{"line":424,"column":1},"end":{"line":424,"column":18}}},"fnMap":{"0":{"name":"(anonymous_1)","decl":{"start":{"line":57,"column":23},"end":{"line":57,"column":26}},"loc":{"start":{"line":57,"column":28},"end":{"line":86,"column":1}}},"1":{"name":"(anonymous_2)","decl":{"start":{"line":58,"column":38},"end":{"line":58,"column":41}},"loc":{"start":{"line":58,"column":44},"end":{"line":58,"column":48}}},"2":{"name":"(anonymous_3)","decl":{"start":{"line":59,"column":18},"end":{"line":59,"column":20}},"loc":{"start":{"line":59,"column":41},"end":{"line":59,"column":65}}},"3":{"name":"(anonymous_4)","decl":{"start":{"line":60,"column":20},"end":{"line":60,"column":22}},"loc":{"start":{"line":60,"column":103},"end":{"line":66,"column":2}}},"4":{"name":"(anonymous_5)","decl":{"start":{"line":67,"column":29},"end":{"line":67,"column":31}},"loc":{"start":{"line":67,"column":67},"end":{"line":84,"column":2}}},"5":{"name":"(anonymous_6)","decl":{"start":{"line":99,"column":37},"end":{"line":99,"column":39}},"loc":{"start":{"line":99,"column":75},"end":{"line":153,"column":1}}},"6":{"name":"(anonymous_7)","decl":{"start":{"line":104,"column":16},"end":{"line":104,"column":19}},"loc":{"start":{"line":104,"column":22},"end":{"line":104,"column":71}}},"7":{"name":"(anonymous_8)","decl":{"start":{"line":164,"column":35},"end":{"line":164,"column":37}},"loc":{"start":{"line":164,"column":73},"end":{"line":186,"column":1}}},"8":{"name":"(anonymous_9)","decl":{"start":{"line":169,"column":16},"end":{"line":169,"column":19}},"loc":{"start":{"line":169,"column":22},"end":{"line":169,"column":69}}},"9":{"name":"(anonymous_10)","decl":{"start":{"line":198,"column":35},"end":{"line":198,"column":37}},"loc":{"start":{"line":198,"column":73},"end":{"line":209,"column":1}}},"10":{"name":"(anonymous_11)","decl":{"start":{"line":226,"column":38},"end":{"line":226,"column":40}},"loc":{"start":{"line":226,"column":76},"end":{"line":228,"column":1}}},"11":{"name":"(anonymous_12)","decl":{"start":{"line":245,"column":21},"end":{"line":245,"column":24}},"loc":{"start":{"line":245,"column":26},"end":{"line":255,"column":1}}},"12":{"name":"(anonymous_13)","decl":{"start":{"line":247,"column":27},"end":{"line":247,"column":29}},"loc":{"start":{"line":247,"column":65},"end":{"line":253,"column":2}}},"13":{"name":"(anonymous_14)","decl":{"start":{"line":267,"column":37},"end":{"line":267,"column":39}},"loc":{"start":{"line":267,"column":75},"end":{"line":300,"column":1}}},"14":{"name":"containsTag","decl":{"start":{"line":314,"column":9},"end":{"line":314,"column":20}},"loc":{"start":{"line":316,"column":10},"end":{"line":319,"column":1}}},"15":{"name":"(anonymous_16)","decl":{"start":{"line":330,"column":31},"end":{"line":330,"column":34}},"loc":{"start":{"line":330,"column":36},"end":{"line":342,"column":1}}},"16":{"name":"fn","decl":{"start":{"line":338,"column":10},"end":{"line":338,"column":12}},"loc":{"start":{"line":338,"column":23},"end":{"line":340,"column":2}}},"17":{"name":"(anonymous_18)","decl":{"start":{"line":358,"column":28},"end":{"line":358,"column":31}},"loc":{"start":{"line":358,"column":33},"end":{"line":366,"column":1}}},"18":{"name":"fn","decl":{"start":{"line":362,"column":10},"end":{"line":362,"column":12}},"loc":{"start":{"line":362,"column":23},"end":{"line":364,"column":2}}},"19":{"name":"applyReplaceCommand","decl":{"start":{"line":370,"column":9},"end":{"line":370,"column":28}},"loc":{"start":{"line":370,"column":133},"end":{"line":404,"column":1}}},"20":{"name":"(anonymous_21)","decl":{"start":{"line":406,"column":26},"end":{"line":406,"column":29}},"loc":{"start":{"line":406,"column":31},"end":{"line":425,"column":1}}},"21":{"name":"(anonymous_22)","decl":{"start":{"line":407,"column":13},"end":{"line":407,"column":15}},"loc":{"start":{"line":407,"column":32},"end":{"line":407,"column":58}}},"22":{"name":"runCloser","decl":{"start":{"line":412,"column":10},"end":{"line":412,"column":19}},"loc":{"start":{"line":412,"column":38},"end":{"line":423,"column":2}}}},"branchMap":{"0":{"loc":{"start":{"line":60,"column":55},"end":{"line":60,"column":83}},"type":"default-arg","locations":[{"start":{"line":60,"column":67},"end":{"line":60,"column":83}}]},"1":{"loc":{"start":{"line":60,"column":85},"end":{"line":60,"column":98}},"type":"default-arg","locations":[{"start":{"line":60,"column":94},"end":{"line":60,"column":98}}]},"2":{"loc":{"start":{"line":61,"column":2},"end":{"line":64,"column":3}},"type":"if","locations":[{"start":{"line":61,"column":2},"end":{"line":64,"column":3}}]},"3":{"loc":{"start":{"line":68,"column":2},"end":{"line":68,"column":90}},"type":"if","locations":[{"start":{"line":68,"column":2},"end":{"line":68,"column":90}}]},"4":{"loc":{"start":{"line":70,"column":2},"end":{"line":70,"column":116}},"type":"if","locations":[{"start":{"line":70,"column":2},"end":{"line":70,"column":116}}]},"5":{"loc":{"start":{"line":70,"column":6},"end":{"line":70,"column":54}},"type":"binary-expr","locations":[{"start":{"line":70,"column":6},"end":{"line":70,"column":35}},{"start":{"line":70,"column":39},"end":{"line":70,"column":54}}]},"6":{"loc":{"start":{"line":71,"column":2},"end":{"line":79,"column":3}},"type":"if","locations":[{"start":{"line":71,"column":2},"end":{"line":79,"column":3}}]},"7":{"loc":{"start":{"line":77,"column":22},"end":{"line":77,"column":52}},"type":"binary-expr","locations":[{"start":{"line":77,"column":22},"end":{"line":77,"column":38}},{"start":{"line":77,"column":42},"end":{"line":77,"column":52}}]},"8":{"loc":{"start":{"line":81,"column":2},"end":{"line":81,"column":96}},"type":"if","locations":[{"start":{"line":81,"column":2},"end":{"line":81,"column":96}}]},"9":{"loc":{"start":{"line":82,"column":2},"end":{"line":82,"column":95}},"type":"if","locations":[{"start":{"line":82,"column":2},"end":{"line":82,"column":95}}]},"10":{"loc":{"start":{"line":101,"column":1},"end":{"line":103,"column":2}},"type":"if","locations":[{"start":{"line":101,"column":1},"end":{"line":103,"column":2}}]},"11":{"loc":{"start":{"line":107,"column":2},"end":{"line":107,"column":101}},"type":"if","locations":[{"start":{"line":107,"column":2},"end":{"line":107,"column":101}}]},"12":{"loc":{"start":{"line":109,"column":2},"end":{"line":109,"column":83}},"type":"if","locations":[{"start":{"line":109,"column":2},"end":{"line":109,"column":83}}]},"13":{"loc":{"start":{"line":113,"column":1},"end":{"line":121,"column":2}},"type":"if","locations":[{"start":{"line":113,"column":1},"end":{"line":121,"column":2}}]},"14":{"loc":{"start":{"line":115,"column":3},"end":{"line":115,"column":57}},"type":"if","locations":[{"start":{"line":115,"column":3},"end":{"line":115,"column":57}}]},"15":{"loc":{"start":{"line":119,"column":21},"end":{"line":119,"column":51}},"type":"binary-expr","locations":[{"start":{"line":119,"column":21},"end":{"line":119,"column":37}},{"start":{"line":119,"column":41},"end":{"line":119,"column":51}}]},"16":{"loc":{"start":{"line":126,"column":2},"end":{"line":126,"column":36}},"type":"if","locations":[{"start":{"line":126,"column":2},"end":{"line":126,"column":36}}]},"17":{"loc":{"start":{"line":127,"column":2},"end":{"line":130,"column":3}},"type":"if","locations":[{"start":{"line":127,"column":2},"end":{"line":130,"column":3}}]},"18":{"loc":{"start":{"line":129,"column":3},"end":{"line":129,"column":31}},"type":"if","locations":[{"start":{"line":129,"column":3},"end":{"line":129,"column":31}}]},"19":{"loc":{"start":{"line":136,"column":2},"end":{"line":139,"column":3}},"type":"if","locations":[{"start":{"line":136,"column":2},"end":{"line":139,"column":3}}]},"20":{"loc":{"start":{"line":140,"column":2},"end":{"line":143,"column":3}},"type":"if","locations":[{"start":{"line":140,"column":2},"end":{"line":143,"column":3}}]},"21":{"loc":{"start":{"line":145,"column":1},"end":{"line":147,"column":2}},"type":"if","locations":[{"start":{"line":145,"column":1},"end":{"line":147,"column":2}}]},"22":{"loc":{"start":{"line":148,"column":1},"end":{"line":148,"column":54}},"type":"if","locations":[{"start":{"line":148,"column":1},"end":{"line":148,"column":54}}]},"23":{"loc":{"start":{"line":166,"column":1},"end":{"line":168,"column":2}},"type":"if","locations":[{"start":{"line":166,"column":1},"end":{"line":168,"column":2}}]},"24":{"loc":{"start":{"line":166,"column":5},"end":{"line":166,"column":114}},"type":"binary-expr","locations":[{"start":{"line":166,"column":5},"end":{"line":166,"column":27}},{"start":{"line":166,"column":31},"end":{"line":166,"column":46}},{"start":{"line":166,"column":50},"end":{"line":166,"column":80}},{"start":{"line":166,"column":84},"end":{"line":166,"column":114}}]},"25":{"loc":{"start":{"line":171,"column":1},"end":{"line":171,"column":51}},"type":"if","locations":[{"start":{"line":171,"column":1},"end":{"line":171,"column":51}}]},"26":{"loc":{"start":{"line":173,"column":1},"end":{"line":173,"column":32}},"type":"if","locations":[{"start":{"line":173,"column":1},"end":{"line":173,"column":32}}]},"27":{"loc":{"start":{"line":174,"column":17},"end":{"line":174,"column":29}},"type":"default-arg","locations":[{"start":{"line":174,"column":28},"end":{"line":174,"column":29}}]},"28":{"loc":{"start":{"line":175,"column":1},"end":{"line":175,"column":72}},"type":"if","locations":[{"start":{"line":175,"column":1},"end":{"line":175,"column":72}}]},"29":{"loc":{"start":{"line":175,"column":5},"end":{"line":175,"column":50}},"type":"binary-expr","locations":[{"start":{"line":175,"column":5},"end":{"line":175,"column":34}},{"start":{"line":175,"column":38},"end":{"line":175,"column":50}}]},"30":{"loc":{"start":{"line":176,"column":1},"end":{"line":176,"column":38}},"type":"if","locations":[{"start":{"line":176,"column":1},"end":{"line":176,"column":38}}]},"31":{"loc":{"start":{"line":177,"column":1},"end":{"line":177,"column":51}},"type":"if","locations":[{"start":{"line":177,"column":1},"end":{"line":177,"column":51}}]},"32":{"loc":{"start":{"line":177,"column":5},"end":{"line":177,"column":29}},"type":"binary-expr","locations":[{"start":{"line":177,"column":5},"end":{"line":177,"column":13}},{"start":{"line":177,"column":17},"end":{"line":177,"column":29}}]},"33":{"loc":{"start":{"line":178,"column":1},"end":{"line":178,"column":32}},"type":"if","locations":[{"start":{"line":178,"column":1},"end":{"line":178,"column":32}}]},"34":{"loc":{"start":{"line":179,"column":1},"end":{"line":179,"column":47}},"type":"if","locations":[{"start":{"line":179,"column":1},"end":{"line":179,"column":47}}]},"35":{"loc":{"start":{"line":179,"column":5},"end":{"line":179,"column":25}},"type":"binary-expr","locations":[{"start":{"line":179,"column":5},"end":{"line":179,"column":11}},{"start":{"line":179,"column":15},"end":{"line":179,"column":25}}]},"36":{"loc":{"start":{"line":180,"column":1},"end":{"line":180,"column":38}},"type":"if","locations":[{"start":{"line":180,"column":1},"end":{"line":180,"column":38}}]},"37":{"loc":{"start":{"line":182,"column":1},"end":{"line":182,"column":62}},"type":"if","locations":[{"start":{"line":182,"column":1},"end":{"line":182,"column":62}}]},"38":{"loc":{"start":{"line":200,"column":1},"end":{"line":202,"column":2}},"type":"if","locations":[{"start":{"line":200,"column":1},"end":{"line":202,"column":2}}]},"39":{"loc":{"start":{"line":203,"column":1},"end":{"line":205,"column":2}},"type":"if","locations":[{"start":{"line":203,"column":1},"end":{"line":205,"column":2}}]},"40":{"loc":{"start":{"line":203,"column":5},"end":{"line":203,"column":56}},"type":"binary-expr","locations":[{"start":{"line":203,"column":5},"end":{"line":203,"column":17}},{"start":{"line":203,"column":21},"end":{"line":203,"column":56}}]},"41":{"loc":{"start":{"line":249,"column":2},"end":{"line":251,"column":3}},"type":"if","locations":[{"start":{"line":249,"column":2},"end":{"line":251,"column":3}}]},"42":{"loc":{"start":{"line":269,"column":1},"end":{"line":271,"column":2}},"type":"if","locations":[{"start":{"line":269,"column":1},"end":{"line":271,"column":2}}]},"43":{"loc":{"start":{"line":269,"column":5},"end":{"line":269,"column":114}},"type":"binary-expr","locations":[{"start":{"line":269,"column":5},"end":{"line":269,"column":27}},{"start":{"line":269,"column":31},"end":{"line":269,"column":46}},{"start":{"line":269,"column":50},"end":{"line":269,"column":80}},{"start":{"line":269,"column":84},"end":{"line":269,"column":114}}]},"44":{"loc":{"start":{"line":275,"column":1},"end":{"line":277,"column":2}},"type":"if","locations":[{"start":{"line":275,"column":1},"end":{"line":277,"column":2}}]},"45":{"loc":{"start":{"line":275,"column":5},"end":{"line":275,"column":61}},"type":"binary-expr","locations":[{"start":{"line":275,"column":5},"end":{"line":275,"column":29}},{"start":{"line":275,"column":35},"end":{"line":275,"column":50}},{"start":{"line":275,"column":54},"end":{"line":275,"column":59}}]},"46":{"loc":{"start":{"line":278,"column":1},"end":{"line":294,"column":2}},"type":"if","locations":[{"start":{"line":278,"column":1},"end":{"line":294,"column":2}}]},"47":{"loc":{"start":{"line":280,"column":10},"end":{"line":282,"column":32}},"type":"cond-expr","locations":[{"start":{"line":281,"column":5},"end":{"line":281,"column":48}},{"start":{"line":282,"column":5},"end":{"line":282,"column":32}}]},"48":{"loc":{"start":{"line":281,"column":5},"end":{"line":281,"column":48}},"type":"cond-expr","locations":[{"start":{"line":281,"column":32},"end":{"line":281,"column":33}},{"start":{"line":281,"column":36},"end":{"line":281,"column":48}}]},"49":{"loc":{"start":{"line":282,"column":5},"end":{"line":282,"column":32}},"type":"cond-expr","locations":[{"start":{"line":282,"column":20},"end":{"line":282,"column":24}},{"start":{"line":282,"column":27},"end":{"line":282,"column":32}}]},"50":{"loc":{"start":{"line":284,"column":2},"end":{"line":284,"column":43}},"type":"if","locations":[{"start":{"line":284,"column":2},"end":{"line":284,"column":43}}]},"51":{"loc":{"start":{"line":285,"column":2},"end":{"line":285,"column":57}},"type":"if","locations":[{"start":{"line":285,"column":2},"end":{"line":285,"column":57}}]},"52":{"loc":{"start":{"line":288,"column":3},"end":{"line":288,"column":88}},"type":"if","locations":[{"start":{"line":288,"column":3},"end":{"line":288,"column":88}}]},"53":{"loc":{"start":{"line":295,"column":1},"end":{"line":298,"column":2}},"type":"if","locations":[{"start":{"line":295,"column":1},"end":{"line":298,"column":2}}]},"54":{"loc":{"start":{"line":295,"column":5},"end":{"line":295,"column":28}},"type":"binary-expr","locations":[{"start":{"line":295,"column":5},"end":{"line":295,"column":20}},{"start":{"line":295,"column":24},"end":{"line":295,"column":28}}]},"55":{"loc":{"start":{"line":318,"column":8},"end":{"line":318,"column":47}},"type":"binary-expr","locations":[{"start":{"line":318,"column":8},"end":{"line":318,"column":22}},{"start":{"line":318,"column":26},"end":{"line":318,"column":47}}]},"56":{"loc":{"start":{"line":372,"column":1},"end":{"line":380,"column":2}},"type":"if","locations":[{"start":{"line":372,"column":1},"end":{"line":380,"column":2}}]},"57":{"loc":{"start":{"line":372,"column":8},"end":{"line":373,"column":33}},"type":"binary-expr","locations":[{"start":{"line":372,"column":8},"end":{"line":372,"column":44}},{"start":{"line":373,"column":3},"end":{"line":373,"column":33}}]},"58":{"loc":{"start":{"line":375,"column":2},"end":{"line":378,"column":3}},"type":"if","locations":[{"start":{"line":375,"column":2},"end":{"line":378,"column":3}}]},"59":{"loc":{"start":{"line":381,"column":1},"end":{"line":383,"column":2}},"type":"if","locations":[{"start":{"line":381,"column":1},"end":{"line":383,"column":2}}]},"60":{"loc":{"start":{"line":384,"column":1},"end":{"line":391,"column":2}},"type":"if","locations":[{"start":{"line":384,"column":1},"end":{"line":391,"column":2}}]},"61":{"loc":{"start":{"line":385,"column":2},"end":{"line":387,"column":49}},"type":"binary-expr","locations":[{"start":{"line":385,"column":2},"end":{"line":385,"column":30}},{"start":{"line":386,"column":2},"end":{"line":386,"column":36}},{"start":{"line":387,"column":2},"end":{"line":387,"column":49}}]},"62":{"loc":{"start":{"line":393,"column":2},"end":{"line":397,"column":3}},"type":"if","locations":[{"start":{"line":393,"column":2},"end":{"line":397,"column":3}},{"start":{"line":395,"column":9},"end":{"line":397,"column":3}}]},"63":{"loc":{"start":{"line":413,"column":2},"end":{"line":413,"column":57}},"type":"if","locations":[{"start":{"line":413,"column":2},"end":{"line":413,"column":57}}]},"64":{"loc":{"start":{"line":416,"column":3},"end":{"line":416,"column":63}},"type":"if","locations":[{"start":{"line":416,"column":3},"end":{"line":416,"column":63}}]},"65":{"loc":{"start":{"line":420,"column":3},"end":{"line":420,"column":63}},"type":"if","locations":[{"start":{"line":420,"column":3},"end":{"line":420,"column":63}}]}},"s":{"0":4,"1":4,"2":4,"3":4,"4":4,"5":4,"6":4,"7":3,"8":4,"9":13,"10":4,"11":16,"12":15,"13":15,"14":16,"15":4,"16":77,"17":12,"18":65,"19":65,"20":33,"21":32,"22":16,"23":16,"24":83,"25":83,"26":16,"27":16,"28":16,"29":16,"30":8,"31":8,"32":5,"33":3,"34":4,"35":4,"36":40,"37":40,"38":2,"39":38,"40":38,"41":38,"42":38,"43":5,"44":33,"45":33,"46":12,"47":17,"48":21,"49":21,"50":21,"51":11,"52":22,"53":4,"54":18,"55":18,"56":11,"57":11,"58":10,"59":10,"60":10,"61":33,"62":33,"63":9,"64":24,"65":7,"66":7,"67":1,"68":23,"69":10,"70":10,"71":10,"72":10,"73":10,"74":49,"75":27,"76":27,"77":22,"78":7,"79":7,"80":10,"81":2,"82":10,"83":3,"84":7,"85":7,"86":7,"87":7,"88":4,"89":4,"90":64,"91":64,"92":17,"93":47,"94":47,"95":47,"96":47,"97":3,"98":44,"99":44,"100":11,"101":33,"102":33,"103":9,"104":24,"105":9,"106":24,"107":5,"108":19,"109":5,"110":19,"111":3,"112":16,"113":2,"114":14,"115":14,"116":1,"117":14,"118":14,"119":14,"120":4,"121":4,"122":30,"123":30,"124":9,"125":21,"126":5,"127":16,"128":16,"129":16,"130":4,"131":4,"132":29,"133":4,"134":4,"135":4,"136":4,"137":52,"138":52,"139":17,"140":52,"141":4,"142":4,"143":62,"144":62,"145":17,"146":45,"147":45,"148":45,"149":45,"150":7,"151":38,"152":36,"153":36,"154":36,"155":36,"156":14,"157":36,"158":4,"159":36,"160":36,"161":22,"162":12,"163":36,"164":36,"165":36,"166":36,"167":38,"168":35,"169":35,"170":38,"171":4,"172":4,"173":4,"174":2721,"175":4,"176":4,"177":371,"178":4,"179":4,"180":4,"181":2350,"182":4,"183":81,"184":81,"185":59,"186":56,"187":56,"188":59,"189":22,"190":5,"191":17,"192":4,"193":4,"194":17,"195":96,"196":29,"197":67,"198":17,"199":51,"200":17,"201":17,"202":4,"203":4,"204":309,"205":309,"206":77,"207":232,"208":232,"209":238,"210":6,"211":226,"212":226,"213":297,"214":71,"215":155,"216":4},"f":{"0":4,"1":3,"2":13,"3":16,"4":77,"5":40,"6":38,"7":64,"8":47,"9":30,"10":29,"11":4,"12":52,"13":62,"14":2721,"15":4,"16":371,"17":4,"18":2350,"19":81,"20":4,"21":309,"22":309},"b":{"0":[3],"1":[3],"2":[15],"3":[12],"4":[33],"5":[65,33],"6":[16],"7":[16,3],"8":[8],"9":[5],"10":[2],"11":[5],"12":[12],"13":[11],"14":[4],"15":[11,3],"16":[9],"17":[7],"18":[1],"19":[27],"20":[7],"21":[2],"22":[3],"23":[17],"24":[64,55,52,49],"25":[3],"26":[11],"27":[19],"28":[9],"29":[33,28],"30":[9],"31":[5],"32":[24,21],"33":[5],"34":[3],"35":[19,17],"36":[2],"37":[1],"38":[9],"39":[5],"40":[21,18],"41":[17],"42":[17],"43":[62,53,50,47],"44":[7],"45":[45,43,7],"46":[36],"47":[4,32],"48":[1,3],"49":[17,15],"50":[14],"51":[4],"52":[12],"53":[35],"54":[38,5],"55":[2721,203],"56":[59],"57":[81,35],"58":[56],"59":[5],"60":[4],"61":[17,4,4],"62":[29,67],"63":[77],"64":[6],"65":[71]}}
,"/Users/stephenisienyi/projects-js/auto-immutable/pkg/src/utils/clonedeep-eligibility-check.ts": {"path":"/Users/stephenisienyi/projects-js/auto-immutable/pkg/src/utils/clonedeep-eligibility-check.ts","statementMap":{"0":{"start":{"line":13,"column":0},"end":{"line":13,"column":22}},"1":{"start":{"line":15,"column":13},"end":{"line":43,"column":2}},"2":{"start":{"line":45,"column":13},"end":{"line":45,"column":77}},"3":{"start":{"line":48,"column":16},"end":{"line":48,"column":39}},"4":{"start":{"line":50,"column":1},"end":{"line":55,"column":2}},"5":{"start":{"line":51,"column":2},"end":{"line":51,"column":42}},"6":{"start":{"line":53,"column":2},"end":{"line":53,"column":26}},"7":{"start":{"line":54,"column":2},"end":{"line":54,"column":20}},"8":{"start":{"line":56,"column":1},"end":{"line":56,"column":40}}},"fnMap":{"0":{"name":"verify","decl":{"start":{"line":47,"column":9},"end":{"line":47,"column":15}},"loc":{"start":{"line":47,"column":29},"end":{"line":57,"column":1}}}},"branchMap":{"0":{"loc":{"start":{"line":50,"column":1},"end":{"line":55,"column":2}},"type":"if","locations":[{"start":{"line":50,"column":1},"end":{"line":55,"column":2}},{"start":{"line":52,"column":8},"end":{"line":55,"column":2}}]}},"s":{"0":9,"1":9,"2":9,"3":14304,"4":14304,"5":14279,"6":25,"7":25,"8":14304},"f":{"0":14304},"b":{"0":[14279,25]}}
,"/Users/stephenisienyi/projects-js/auto-immutable/pkg/src/utils/index.ts": {"path":"/Users/stephenisienyi/projects-js/auto-immutable/pkg/src/utils/index.ts","statementMap":{"0":{"start":{"line":4,"column":0},"end":{"line":4,"column":49}},"1":{"start":{"line":5,"column":0},"end":{"line":5,"column":49}},"2":{"start":{"line":7,"column":0},"end":{"line":7,"column":61}},"3":{"start":{"line":9,"column":0},"end":{"line":9,"column":44}},"4":{"start":{"line":21,"column":70},"end":{"line":21,"column":72}},"5":{"start":{"line":22,"column":1},"end":{"line":47,"column":2}},"6":{"start":{"line":23,"column":21},"end":{"line":26,"column":17}},"7":{"start":{"line":27,"column":2},"end":{"line":46,"column":3}},"8":{"start":{"line":28,"column":30},"end":{"line":28,"column":32}},"9":{"start":{"line":29,"column":3},"end":{"line":41,"column":4}},"10":{"start":{"line":30,"column":28},"end":{"line":30,"column":59}},"11":{"start":{"line":32,"column":4},"end":{"line":37,"column":5}},"12":{"start":{"line":33,"column":5},"end":{"line":35,"column":6}},"13":{"start":{"line":33,"column":43},"end":{"line":33,"column":64}},"14":{"start":{"line":34,"column":6},"end":{"line":34,"column":15}},"15":{"start":{"line":36,"column":5},"end":{"line":36,"column":14}},"16":{"start":{"line":39,"column":4},"end":{"line":40,"column":41}},"17":{"start":{"line":39,"column":33},"end":{"line":39,"column":59}},"18":{"start":{"line":42,"column":3},"end":{"line":42,"column":43}},"19":{"start":{"line":43,"column":3},"end":{"line":45,"column":4}},"20":{"start":{"line":44,"column":4},"end":{"line":44,"column":38}},"21":{"start":{"line":48,"column":1},"end":{"line":48,"column":42}},"22":{"start":{"line":20,"column":0},"end":{"line":20,"column":16}},"23":{"start":{"line":56,"column":13},"end":{"line":68,"column":5}},"24":{"start":{"line":57,"column":58},"end":{"line":64,"column":2}},"25":{"start":{"line":58,"column":2},"end":{"line":58,"column":29}},"26":{"start":{"line":58,"column":21},"end":{"line":58,"column":27}},"27":{"start":{"line":59,"column":2},"end":{"line":62,"column":3}},"28":{"start":{"line":60,"column":3},"end":{"line":60,"column":75}},"29":{"start":{"line":60,"column":57},"end":{"line":60,"column":74}},"30":{"start":{"line":61,"column":3},"end":{"line":61,"column":93}},"31":{"start":{"line":61,"column":65},"end":{"line":61,"column":92}},"32":{"start":{"line":63,"column":2},"end":{"line":63,"column":54}},"33":{"start":{"line":63,"column":44},"end":{"line":63,"column":53}},"34":{"start":{"line":65,"column":15},"end":{"line":65,"column":142}},"35":{"start":{"line":65,"column":108},"end":{"line":65,"column":142}},"36":{"start":{"line":66,"column":19},"end":{"line":66,"column":61}},"37":{"start":{"line":66,"column":47},"end":{"line":66,"column":61}},"38":{"start":{"line":67,"column":1},"end":{"line":67,"column":18}},"39":{"start":{"line":70,"column":13},"end":{"line":70,"column":31}},"40":{"start":{"line":73,"column":49},"end":{"line":73,"column":97}},"41":{"start":{"line":73,"column":0},"end":{"line":73,"column":16}},"42":{"start":{"line":81,"column":14},"end":{"line":81,"column":18}},"43":{"start":{"line":82,"column":1},"end":{"line":89,"column":2}},"44":{"start":{"line":83,"column":2},"end":{"line":83,"column":48}},"45":{"start":{"line":83,"column":24},"end":{"line":83,"column":47}},"46":{"start":{"line":84,"column":2},"end":{"line":84,"column":32}},"47":{"start":{"line":85,"column":8},"end":{"line":89,"column":2}},"48":{"start":{"line":86,"column":15},"end":{"line":86,"column":23}},"49":{"start":{"line":87,"column":2},"end":{"line":87,"column":60}},"50":{"start":{"line":87,"column":15},"end":{"line":87,"column":16}},"51":{"start":{"line":87,"column":36},"end":{"line":87,"column":59}},"52":{"start":{"line":88,"column":2},"end":{"line":88,"column":32}},"53":{"start":{"line":90,"column":1},"end":{"line":90,"column":31}},"54":{"start":{"line":91,"column":1},"end":{"line":91,"column":10}},"55":{"start":{"line":80,"column":0},"end":{"line":80,"column":16}},"56":{"start":{"line":94,"column":27},"end":{"line":94,"column":69}},"57":{"start":{"line":94,"column":64},"end":{"line":94,"column":69}},"58":{"start":{"line":96,"column":13},"end":{"line":103,"column":5}},"59":{"start":{"line":97,"column":22},"end":{"line":97,"column":30}},"60":{"start":{"line":98,"column":23},"end":{"line":98,"column":32}},"61":{"start":{"line":99,"column":12},"end":{"line":101,"column":31}},"62":{"start":{"line":99,"column":42},"end":{"line":101,"column":31}},"63":{"start":{"line":102,"column":1},"end":{"line":102,"column":11}},"64":{"start":{"line":114,"column":15},"end":{"line":114,"column":17}},"65":{"start":{"line":115,"column":1},"end":{"line":115,"column":77}},"66":{"start":{"line":115,"column":38},"end":{"line":115,"column":76}},"67":{"start":{"line":116,"column":14},"end":{"line":116,"column":16}},"68":{"start":{"line":117,"column":14},"end":{"line":117,"column":18}},"69":{"start":{"line":118,"column":1},"end":{"line":135,"column":2}},"70":{"start":{"line":119,"column":19},"end":{"line":119,"column":46}},"71":{"start":{"line":120,"column":2},"end":{"line":120,"column":37}},"72":{"start":{"line":120,"column":27},"end":{"line":120,"column":35}},"73":{"start":{"line":121,"column":2},"end":{"line":134,"column":3}},"74":{"start":{"line":122,"column":16},"end":{"line":122,"column":33}},"75":{"start":{"line":122,"column":42},"end":{"line":122,"column":55}},"76":{"start":{"line":122,"column":61},"end":{"line":122,"column":62}},"77":{"start":{"line":126,"column":17},"end":{"line":126,"column":28}},"78":{"start":{"line":127,"column":3},"end":{"line":131,"column":4}},"79":{"start":{"line":128,"column":4},"end":{"line":128,"column":44}},"80":{"start":{"line":129,"column":4},"end":{"line":129,"column":18}},"81":{"start":{"line":130,"column":4},"end":{"line":130,"column":10}},"82":{"start":{"line":132,"column":3},"end":{"line":132,"column":54}},"83":{"start":{"line":132,"column":32},"end":{"line":132,"column":53}},"84":{"start":{"line":133,"column":3},"end":{"line":133,"column":28}},"85":{"start":{"line":136,"column":1},"end":{"line":136,"column":13}},"86":{"start":{"line":109,"column":0},"end":{"line":109,"column":16}}},"fnMap":{"0":{"name":"arrangePropertyPaths","decl":{"start":{"line":20,"column":16},"end":{"line":20,"column":36}},"loc":{"start":{"line":20,"column":67},"end":{"line":49,"column":1}}},"1":{"name":"(anonymous_2)","decl":{"start":{"line":33,"column":31},"end":{"line":33,"column":33}},"loc":{"start":{"line":33,"column":43},"end":{"line":33,"column":64}}},"2":{"name":"(anonymous_3)","decl":{"start":{"line":39,"column":21},"end":{"line":39,"column":23}},"loc":{"start":{"line":39,"column":33},"end":{"line":39,"column":59}}},"3":{"name":"(anonymous_4)","decl":{"start":{"line":56,"column":26},"end":{"line":56,"column":29}},"loc":{"start":{"line":56,"column":31},"end":{"line":68,"column":1}}},"4":{"name":"(anonymous_5)","decl":{"start":{"line":57,"column":58},"end":{"line":57,"column":59}},"loc":{"start":{"line":57,"column":62},"end":{"line":64,"column":2}}},"5":{"name":"(anonymous_6)","decl":{"start":{"line":65,"column":15},"end":{"line":65,"column":27}},"loc":{"start":{"line":65,"column":108},"end":{"line":65,"column":142}}},"6":{"name":"(anonymous_7)","decl":{"start":{"line":66,"column":19},"end":{"line":66,"column":30}},"loc":{"start":{"line":66,"column":47},"end":{"line":66,"column":61}}},"7":{"name":"isDataContainer","decl":{"start":{"line":73,"column":16},"end":{"line":73,"column":31}},"loc":{"start":{"line":73,"column":34},"end":{"line":73,"column":98}}},"8":{"name":"makeReadonly","decl":{"start":{"line":80,"column":16},"end":{"line":80,"column":28}},"loc":{"start":{"line":80,"column":38},"end":{"line":92,"column":1}}},"9":{"name":"(anonymous_10)","decl":{"start":{"line":94,"column":27},"end":{"line":94,"column":31}},"loc":{"start":{"line":94,"column":64},"end":{"line":94,"column":69}}},"10":{"name":"(anonymous_11)","decl":{"start":{"line":96,"column":32},"end":{"line":96,"column":35}},"loc":{"start":{"line":96,"column":37},"end":{"line":103,"column":1}}},"11":{"name":"(anonymous_12)","decl":{"start":{"line":99,"column":12},"end":{"line":99,"column":14}},"loc":{"start":{"line":99,"column":42},"end":{"line":101,"column":31}}},"12":{"name":"mapPathsToObject","decl":{"start":{"line":109,"column":16},"end":{"line":109,"column":32}},"loc":{"start":{"line":112,"column":43},"end":{"line":137,"column":1}}}},"branchMap":{"0":{"loc":{"start":{"line":32,"column":4},"end":{"line":37,"column":5}},"type":"if","locations":[{"start":{"line":32,"column":4},"end":{"line":37,"column":5}}]},"1":{"loc":{"start":{"line":33,"column":5},"end":{"line":35,"column":6}},"type":"if","locations":[{"start":{"line":33,"column":5},"end":{"line":35,"column":6}}]},"2":{"loc":{"start":{"line":39,"column":4},"end":{"line":40,"column":40}},"type":"binary-expr","locations":[{"start":{"line":39,"column":4},"end":{"line":39,"column":60}},{"start":{"line":40,"column":4},"end":{"line":40,"column":40}}]},"3":{"loc":{"start":{"line":58,"column":2},"end":{"line":58,"column":29}},"type":"if","locations":[{"start":{"line":58,"column":2},"end":{"line":58,"column":29}}]},"4":{"loc":{"start":{"line":59,"column":2},"end":{"line":62,"column":3}},"type":"if","locations":[{"start":{"line":59,"column":2},"end":{"line":62,"column":3}}]},"5":{"loc":{"start":{"line":60,"column":3},"end":{"line":60,"column":75}},"type":"if","locations":[{"start":{"line":60,"column":3},"end":{"line":60,"column":75}}]},"6":{"loc":{"start":{"line":60,"column":7},"end":{"line":60,"column":52}},"type":"binary-expr","locations":[{"start":{"line":60,"column":7},"end":{"line":60,"column":19}},{"start":{"line":60,"column":23},"end":{"line":60,"column":52}}]},"7":{"loc":{"start":{"line":61,"column":3},"end":{"line":61,"column":93}},"type":"if","locations":[{"start":{"line":61,"column":3},"end":{"line":61,"column":93}}]},"8":{"loc":{"start":{"line":61,"column":7},"end":{"line":61,"column":60}},"type":"binary-expr","locations":[{"start":{"line":61,"column":7},"end":{"line":61,"column":23}},{"start":{"line":61,"column":27},"end":{"line":61,"column":60}}]},"9":{"loc":{"start":{"line":63,"column":2},"end":{"line":63,"column":54}},"type":"if","locations":[{"start":{"line":63,"column":2},"end":{"line":63,"column":54}}]},"10":{"loc":{"start":{"line":65,"column":39},"end":{"line":65,"column":98}},"type":"default-arg","locations":[{"start":{"line":65,"column":81},"end":{"line":65,"column":98}}]},"11":{"loc":{"start":{"line":73,"column":56},"end":{"line":73,"column":96}},"type":"binary-expr","locations":[{"start":{"line":73,"column":56},"end":{"line":73,"column":74}},{"start":{"line":73,"column":78},"end":{"line":73,"column":96}}]},"12":{"loc":{"start":{"line":82,"column":1},"end":{"line":89,"column":2}},"type":"if","locations":[{"start":{"line":82,"column":1},"end":{"line":89,"column":2}},{"start":{"line":85,"column":8},"end":{"line":89,"column":2}}]},"13":{"loc":{"start":{"line":85,"column":8},"end":{"line":89,"column":2}},"type":"if","locations":[{"start":{"line":85,"column":8},"end":{"line":89,"column":2}}]},"14":{"loc":{"start":{"line":90,"column":1},"end":{"line":90,"column":30}},"type":"binary-expr","locations":[{"start":{"line":90,"column":1},"end":{"line":90,"column":8}},{"start":{"line":90,"column":12},"end":{"line":90,"column":30}}]},"15":{"loc":{"start":{"line":112,"column":1},"end":{"line":112,"column":43}},"type":"default-arg","locations":[{"start":{"line":112,"column":25},"end":{"line":112,"column":43}}]},"16":{"loc":{"start":{"line":120,"column":2},"end":{"line":120,"column":37}},"type":"if","locations":[{"start":{"line":120,"column":2},"end":{"line":120,"column":37}}]},"17":{"loc":{"start":{"line":127,"column":3},"end":{"line":131,"column":4}},"type":"if","locations":[{"start":{"line":127,"column":3},"end":{"line":131,"column":4}}]},"18":{"loc":{"start":{"line":132,"column":3},"end":{"line":132,"column":54}},"type":"if","locations":[{"start":{"line":132,"column":3},"end":{"line":132,"column":54}}]}},"s":{"0":8,"1":8,"2":8,"3":8,"4":10,"5":10,"6":48,"7":48,"8":48,"9":48,"10":127,"11":127,"12":92,"13":109,"14":6,"15":86,"16":35,"17":37,"18":42,"19":42,"20":4,"21":10,"22":8,"23":8,"24":8,"25":14313,"26":11,"27":14302,"28":4050,"29":1,"30":4049,"31":1,"32":14300,"33":95,"34":8,"35":491,"36":8,"37":491,"38":8,"39":8,"40":1047,"41":8,"42":337,"43":337,"44":66,"45":210,"46":66,"47":271,"48":13,"49":13,"50":13,"51":53,"52":13,"53":337,"54":337,"55":8,"56":8,"57":18,"58":8,"59":8,"60":8,"61":8,"62":19,"63":8,"64":7,"65":7,"66":19,"67":7,"68":7,"69":7,"70":19,"71":19,"72":1,"73":18,"74":18,"75":18,"76":18,"77":49,"78":49,"79":18,"80":18,"81":18,"82":31,"83":23,"84":31,"85":7,"86":8},"f":{"0":10,"1":109,"2":37,"3":8,"4":14313,"5":491,"6":491,"7":1047,"8":337,"9":18,"10":8,"11":19,"12":7},"b":{"0":[92],"1":[6],"2":[35,4],"3":[11],"4":[4050],"5":[1],"6":[4050,1],"7":[1],"8":[4049,1],"9":[95],"10":[491],"11":[1047,253],"12":[66,271],"13":[13],"14":[337,79],"15":[7],"16":[1],"17":[18],"18":[23]}}
}
