TN:
SF:src/connection.ts
FN:7,(anonymous_7)
FN:13,(anonymous_9)
FN:20,(anonymous_10)
FN:21,(anonymous_11)
FN:23,(anonymous_12)
FN:29,(anonymous_13)
FN:33,(anonymous_14)
FN:37,(anonymous_15)
FN:45,invoke
FN:46,(anonymous_24)
FNF:10
FNH:10
FNDA:2,(anonymous_7)
FNDA:12,(anonymous_9)
FNDA:30,(anonymous_10)
FNDA:1,(anonymous_11)
FNDA:2,(anonymous_12)
FNDA:19,(anonymous_13)
FNDA:3,(anonymous_14)
FNDA:2,(anonymous_15)
FNDA:6,invoke
FNDA:28,(anonymous_24)
DA:3,2
DA:7,2
DA:9,2
DA:10,12
DA:11,12
DA:12,12
DA:17,12
DA:18,12
DA:20,30
DA:21,1
DA:22,2
DA:23,2
DA:24,2
DA:25,2
DA:26,2
DA:28,2
DA:29,2
DA:30,19
DA:32,2
DA:33,2
DA:34,3
DA:38,2
DA:39,2
DA:46,6
DA:50,28
DA:51,24
LF:26
LH:26
BRDA:33,0,0,2
BRDA:50,1,0,4
BRF:2
BRH:2
end_of_record
TN:
SF:src/constants.ts
FNF:0
FNH:0
DA:1,5
DA:2,5
DA:3,5
DA:4,5
DA:5,5
DA:6,5
DA:7,5
DA:8,5
DA:9,5
LF:9
LH:9
BRF:0
BRH:0
end_of_record
TN:
SF:src/index.ts
FN:12,(anonymous_3)
FN:16,(anonymous_4)
FNF:2
FNH:2
FNDA:3,(anonymous_3)
FNDA:7,(anonymous_4)
DA:3,1
DA:5,1
DA:7,1
DA:9,1
DA:10,3
DA:11,3
DA:13,3
DA:14,3
DA:17,7
LF:9
LH:9
BRF:0
BRH:0
end_of_record
TN:
SF:src/model/accessor/index.ts
FN:22,(anonymous_2)
FN:30,(anonymous_3)
FN:32,(anonymous_4)
FN:34,(anonymous_5)
FN:36,(anonymous_6)
FN:45,(anonymous_7)
FN:47,(anonymous_8)
FN:49,(anonymous_9)
FN:52,(anonymous_10)
FN:38,_Accessor_setValueAt
FNF:10
FNH:10
FNDA:13,(anonymous_2)
FNDA:10,(anonymous_3)
FNDA:3,(anonymous_4)
FNDA:12,(anonymous_5)
FNDA:5,(anonymous_6)
FNDA:19,(anonymous_7)
FNDA:28,(anonymous_8)
FNDA:9,(anonymous_9)
FNDA:31,(anonymous_10)
FNDA:70,_Accessor_setValueAt
DA:9,4
DA:13,4
DA:15,13
DA:16,13
DA:17,13
DA:18,13
DA:23,13
DA:24,13
DA:25,13
DA:26,13
DA:27,13
DA:30,10
DA:32,3
DA:34,12
DA:36,5
DA:38,4
DA:39,70
DA:40,69
DA:42,69
DA:45,19
DA:47,28
DA:49,9
DA:56,17
DA:57,17
DA:58,17
DA:59,17
DA:60,17
DA:61,72
DA:63,17
DA:64,14
DA:65,61
DA:67,14
DA:69,3
DA:70,3
DA:71,30
DA:72,3
DA:73,10
DA:75,3
DA:88,4
LF:39
LH:39
BRDA:63,0,0,14
BRDA:65,1,0,61
BRDA:65,1,1,60
BRDA:69,2,0,3
BRDA:73,3,0,10
BRDA:73,3,1,10
BRDA:39,4,0,1
BRDA:40,5,0,69
BRDA:40,5,1,53
BRF:9
BRH:9
end_of_record
TN:
SF:src/model/accessor-cache/index.ts
FN:24,(anonymous_3)
FN:32,(anonymous_4)
FN:35,(anonymous_5)
FN:70,(anonymous_6)
FN:84,(anonymous_7)
FN:102,_AccessorCache_createAccessor
FN:114,_AccessorCache_getOriginAt
FNF:7
FNH:7
FNDA:11,(anonymous_3)
FNDA:4,(anonymous_4)
FNDA:6,(anonymous_5)
FNDA:26,(anonymous_6)
FNDA:1,(anonymous_7)
FNDA:8,_AccessorCache_createAccessor
FNDA:51,_AccessorCache_getOriginAt
DA:8,3
DA:9,3
DA:11,3
DA:13,3
DA:15,3
DA:16,3
DA:19,11
DA:20,11
DA:21,11
DA:25,11
DA:26,11
DA:29,11
DA:32,4
DA:36,6
DA:37,6
DA:38,6
DA:39,6
DA:40,26
DA:41,26
DA:58,24
DA:59,10
DA:60,10
DA:62,6
DA:63,6
DA:74,26
DA:75,26
DA:76,26
DA:79,26
DA:80,26
DA:85,1
DA:86,1
DA:87,1
DA:88,1
DA:91,1
DA:92,1
DA:93,1
DA:96,1
DA:102,3
DA:105,8
DA:106,8
DA:107,8
DA:108,8
DA:109,27
DA:110,25
DA:113,8
DA:117,51
DA:123,3
LF:47
LH:47
BRDA:41,0,0,4
BRDA:41,1,0,26
BRDA:41,1,1,25
BRDA:41,1,2,25
BRDA:41,1,3,21
BRDA:58,2,0,14
BRDA:62,3,0,2
BRDA:74,4,0,1
BRDA:76,5,0,18
BRDA:76,5,1,8
BRDA:79,6,0,26
BRDA:79,6,1,12
BRDA:92,7,0,1
BRDA:92,8,0,1
BRDA:92,8,1,1
BRDA:109,9,0,25
BRDA:117,10,0,2
BRDA:117,10,1,49
BRF:18
BRH:18
end_of_record
TN:
SF:src/model/atom/index.ts
FN:3,(anonymous_2)
FN:5,(anonymous_3)
FN:22,(anonymous_4)
FN:27,(anonymous_5)
FN:33,(anonymous_6)
FN:42,(anonymous_7)
FN:48,(anonymous_8)
FN:51,(anonymous_9)
FNF:8
FNH:8
FNDA:5,(anonymous_2)
FNDA:74,(anonymous_3)
FNDA:52,(anonymous_4)
FNDA:102,(anonymous_5)
FNDA:63,(anonymous_6)
FNDA:5,(anonymous_7)
FNDA:71,(anonymous_8)
FNDA:74,(anonymous_9)
DA:1,5
DA:3,5
DA:4,5
DA:5,5
DA:6,74
DA:8,5
DA:17,52
DA:19,52
DA:23,52
DA:24,52
DA:27,102
DA:34,63
DA:35,63
DA:43,5
DA:44,5
DA:48,71
DA:52,74
DA:58,5
LF:18
LH:18
BRDA:22,0,0,7
BRDA:52,1,0,73
BRDA:52,1,1,1
BRF:3
BRH:3
end_of_record
TN:
SF:src/set/index.ts
FN:20,(anonymous_7)
FN:24,getCompositeDesc
FN:35,finalizeAtomicSet
FN:72,setAtomic
FN:94,isArrayTaggedPayload
FN:101,isIndexBasedObj
FN:111,resolveTags
FN:149,set
FN:168,setArray
FN:192,setArrayIndex
FN:217,setPlainObject
FN:221,setValue
FNF:12
FNH:12
FNDA:3,(anonymous_7)
FNDA:884,getCompositeDesc
FNDA:231,finalizeAtomicSet
FNDA:944,setAtomic
FNDA:369,isArrayTaggedPayload
FNDA:198,isIndexBasedObj
FNDA:919,resolveTags
FNDA:534,set
FNDA:52,setArray
FNDA:74,setArrayIndex
FNDA:333,setPlainObject
FNDA:197,setValue
DA:10,3
DA:11,3
DA:13,3
DA:15,3
DA:17,3
DA:20,3
DA:21,3
DA:25,884
DA:36,231
DA:38,231
DA:40,68
DA:41,68
DA:42,68
DA:66,163
DA:73,944
DA:74,919
DA:75,884
DA:76,884
DA:77,191
DA:78,52
DA:80,139
DA:81,74
DA:84,758
DA:85,333
DA:87,425
DA:88,231
DA:89,231
DA:91,3
DA:95,369
DA:96,369
DA:98,36
DA:102,198
DA:103,170
DA:104,92
DA:107,106
DA:117,919
DA:118,919
DA:119,1
DA:121,919
DA:122,851
DA:123,26
DA:125,851
DA:126,1053
DA:127,1052
DA:128,56
DA:130,1052
DA:131,282
DA:133,282
DA:134,79
DA:138,282
DA:139,247
DA:140,247
DA:143,816
DA:150,534
DA:151,642
DA:169,52
DA:170,52
DA:171,50
DA:172,50
DA:174,52
DA:175,93
DA:193,74
DA:194,74
DA:195,46
DA:196,46
DA:197,2
DA:198,2
DA:199,2
DA:201,46
DA:203,74
DA:205,74
DA:206,34
DA:207,34
DA:209,74
DA:210,46
DA:218,333
DA:226,197
DA:227,197
DA:228,196
DA:230,1
DA:231,5
DA:234,162
LF:82
LH:82
BRDA:25,0,0,92
BRDA:25,0,1,792
BRDA:27,1,0,553
BRDA:27,1,1,239
BRDA:35,2,0,68
BRDA:38,3,0,68
BRDA:40,4,0,68
BRDA:72,5,0,163
BRDA:73,6,0,25
BRDA:76,7,0,191
BRDA:77,8,0,52
BRDA:80,9,0,74
BRDA:80,10,0,139
BRDA:80,10,1,75
BRDA:84,11,0,333
BRDA:84,12,0,758
BRDA:84,12,1,479
BRDA:87,13,0,194
BRDA:87,14,0,425
BRDA:87,14,1,231
BRDA:96,15,0,333
BRDA:103,16,0,92
BRDA:103,17,0,170
BRDA:103,17,1,170
BRDA:118,18,0,1
BRDA:121,19,0,68
BRDA:122,20,0,26
BRDA:122,21,0,851
BRDA:122,21,1,273
BRDA:126,22,0,1
BRDA:127,23,0,56
BRDA:130,24,0,282
BRDA:133,25,0,79
BRDA:170,26,0,50
BRDA:196,27,0,2
BRDA:201,28,0,46
BRDA:201,28,1,46
BRDA:205,29,0,34
BRDA:227,30,0,196
BRDA:227,30,1,1
BRDA:234,31,0,162
BRDA:234,31,1,135
BRF:42
BRH:42
end_of_record
TN:
SF:src/set/tag-functions/index.ts
FN:57,(anonymous_1)
FN:58,(anonymous_2)
FN:59,(anonymous_3)
FN:60,(anonymous_4)
FN:67,(anonymous_5)
FN:99,(anonymous_6)
FN:104,(anonymous_7)
FN:164,(anonymous_8)
FN:169,(anonymous_9)
FN:198,(anonymous_10)
FN:226,(anonymous_11)
FN:245,(anonymous_12)
FN:247,(anonymous_13)
FN:267,(anonymous_14)
FN:314,containsTag
FN:330,(anonymous_16)
FN:338,fn
FN:358,(anonymous_18)
FN:362,fn
FN:370,applyReplaceCommand
FN:406,(anonymous_21)
FN:407,(anonymous_22)
FN:412,runCloser
FNF:23
FNH:23
FNDA:4,(anonymous_1)
FNDA:3,(anonymous_2)
FNDA:13,(anonymous_3)
FNDA:16,(anonymous_4)
FNDA:77,(anonymous_5)
FNDA:40,(anonymous_6)
FNDA:38,(anonymous_7)
FNDA:64,(anonymous_8)
FNDA:47,(anonymous_9)
FNDA:30,(anonymous_10)
FNDA:29,(anonymous_11)
FNDA:4,(anonymous_12)
FNDA:52,(anonymous_13)
FNDA:62,(anonymous_14)
FNDA:2721,containsTag
FNDA:4,(anonymous_16)
FNDA:371,fn
FNDA:4,(anonymous_18)
FNDA:2350,fn
FNDA:81,applyReplaceCommand
FNDA:4,(anonymous_21)
FNDA:309,(anonymous_22)
FNDA:309,runCloser
DA:26,4
DA:27,4
DA:28,4
DA:30,4
DA:40,4
DA:57,4
DA:58,4
DA:59,13
DA:60,4
DA:61,16
DA:62,15
DA:63,15
DA:65,16
DA:67,4
DA:68,77
DA:69,65
DA:70,65
DA:71,32
DA:72,16
DA:73,16
DA:74,83
DA:75,83
DA:77,16
DA:78,16
DA:80,16
DA:81,16
DA:82,8
DA:83,3
DA:85,4
DA:99,4
DA:100,40
DA:101,40
DA:102,2
DA:104,38
DA:106,38
DA:107,38
DA:108,33
DA:109,33
DA:110,17
DA:111,21
DA:112,21
DA:113,21
DA:114,11
DA:115,22
DA:116,18
DA:117,18
DA:119,11
DA:120,11
DA:122,10
DA:123,10
DA:124,10
DA:125,33
DA:126,33
DA:127,24
DA:128,7
DA:129,7
DA:131,23
DA:133,10
DA:134,10
DA:135,10
DA:136,49
DA:137,27
DA:138,27
DA:140,22
DA:141,7
DA:142,7
DA:145,10
DA:146,2
DA:148,10
DA:149,7
DA:150,7
DA:151,7
DA:152,7
DA:164,4
DA:165,64
DA:166,64
DA:167,17
DA:169,47
DA:170,47
DA:171,47
DA:172,44
DA:173,44
DA:174,33
DA:175,33
DA:176,24
DA:177,24
DA:178,19
DA:179,19
DA:180,16
DA:181,14
DA:182,14
DA:183,14
DA:184,14
DA:185,14
DA:198,4
DA:199,30
DA:200,30
DA:201,9
DA:203,21
DA:204,5
DA:206,16
DA:207,16
DA:208,16
DA:226,4
DA:227,29
DA:245,4
DA:246,4
DA:247,4
DA:248,52
DA:249,52
DA:250,17
DA:252,52
DA:254,4
DA:267,4
DA:268,62
DA:269,62
DA:270,17
DA:272,45
DA:273,45
DA:274,45
DA:275,45
DA:276,7
DA:278,38
DA:279,36
DA:280,36
DA:283,36
DA:284,36
DA:285,36
DA:286,36
DA:287,36
DA:288,22
DA:290,36
DA:291,36
DA:292,36
DA:293,36
DA:295,38
DA:296,35
DA:297,35
DA:299,38
DA:302,4
DA:312,4
DA:318,2721
DA:330,4
DA:331,4
DA:339,371
DA:341,4
DA:358,4
DA:359,4
DA:363,2350
DA:365,4
DA:371,81
DA:372,81
DA:375,59
DA:376,56
DA:377,56
DA:379,59
DA:381,22
DA:382,5
DA:384,17
DA:389,4
DA:390,4
DA:392,17
DA:393,96
DA:394,29
DA:396,67
DA:399,17
DA:400,51
DA:402,17
DA:403,17
DA:406,4
DA:407,309
DA:413,309
DA:414,232
DA:415,232
DA:416,238
DA:418,226
DA:419,226
DA:420,297
DA:422,155
DA:424,4
LF:180
LH:180
BRDA:60,0,0,3
BRDA:60,1,0,3
BRDA:61,2,0,15
BRDA:68,3,0,12
BRDA:70,4,0,33
BRDA:70,5,0,65
BRDA:70,5,1,33
BRDA:71,6,0,16
BRDA:77,7,0,16
BRDA:77,7,1,3
BRDA:81,8,0,8
BRDA:82,9,0,5
BRDA:101,10,0,2
BRDA:107,11,0,5
BRDA:109,12,0,12
BRDA:113,13,0,11
BRDA:115,14,0,4
BRDA:119,15,0,11
BRDA:119,15,1,3
BRDA:126,16,0,9
BRDA:127,17,0,7
BRDA:129,18,0,1
BRDA:136,19,0,27
BRDA:140,20,0,7
BRDA:145,21,0,2
BRDA:148,22,0,3
BRDA:166,23,0,17
BRDA:166,24,0,64
BRDA:166,24,1,55
BRDA:166,24,2,52
BRDA:166,24,3,49
BRDA:171,25,0,3
BRDA:173,26,0,11
BRDA:174,27,0,19
BRDA:175,28,0,9
BRDA:175,29,0,33
BRDA:175,29,1,28
BRDA:176,30,0,9
BRDA:177,31,0,5
BRDA:177,32,0,24
BRDA:177,32,1,21
BRDA:178,33,0,5
BRDA:179,34,0,3
BRDA:179,35,0,19
BRDA:179,35,1,17
BRDA:180,36,0,2
BRDA:182,37,0,1
BRDA:200,38,0,9
BRDA:203,39,0,5
BRDA:203,40,0,21
BRDA:203,40,1,18
BRDA:249,41,0,17
BRDA:269,42,0,17
BRDA:269,43,0,62
BRDA:269,43,1,53
BRDA:269,43,2,50
BRDA:269,43,3,47
BRDA:275,44,0,7
BRDA:275,45,0,45
BRDA:275,45,1,43
BRDA:275,45,2,7
BRDA:278,46,0,36
BRDA:280,47,0,4
BRDA:280,47,1,32
BRDA:281,48,0,1
BRDA:281,48,1,3
BRDA:282,49,0,17
BRDA:282,49,1,15
BRDA:284,50,0,14
BRDA:285,51,0,4
BRDA:288,52,0,12
BRDA:295,53,0,35
BRDA:295,54,0,38
BRDA:295,54,1,5
BRDA:318,55,0,2721
BRDA:318,55,1,203
BRDA:372,56,0,59
BRDA:372,57,0,81
BRDA:372,57,1,35
BRDA:375,58,0,56
BRDA:381,59,0,5
BRDA:384,60,0,4
BRDA:385,61,0,17
BRDA:385,61,1,4
BRDA:385,61,2,4
BRDA:393,62,0,29
BRDA:393,62,1,67
BRDA:413,63,0,77
BRDA:416,64,0,6
BRDA:420,65,0,71
BRF:90
BRH:90
end_of_record
TN:
SF:src/utils/clonedeep-eligibility-check.ts
FN:47,verify
FNF:1
FNH:1
FNDA:14304,verify
DA:13,9
DA:15,9
DA:45,9
DA:48,14304
DA:50,14304
DA:51,14279
DA:53,25
DA:54,25
DA:56,14304
LF:9
LH:9
BRDA:50,0,0,14279
BRDA:50,0,1,25
BRF:2
BRH:2
end_of_record
TN:
SF:src/utils/index.ts
FN:20,arrangePropertyPaths
FN:33,(anonymous_2)
FN:39,(anonymous_3)
FN:56,(anonymous_4)
FN:57,(anonymous_5)
FN:65,(anonymous_6)
FN:66,(anonymous_7)
FN:73,isDataContainer
FN:80,makeReadonly
FN:94,(anonymous_10)
FN:96,(anonymous_11)
FN:99,(anonymous_12)
FN:109,mapPathsToObject
FNF:13
FNH:13
FNDA:10,arrangePropertyPaths
FNDA:109,(anonymous_2)
FNDA:37,(anonymous_3)
FNDA:8,(anonymous_4)
FNDA:14313,(anonymous_5)
FNDA:491,(anonymous_6)
FNDA:491,(anonymous_7)
FNDA:1047,isDataContainer
FNDA:337,makeReadonly
FNDA:18,(anonymous_10)
FNDA:8,(anonymous_11)
FNDA:19,(anonymous_12)
FNDA:7,mapPathsToObject
DA:4,8
DA:5,8
DA:7,8
DA:9,8
DA:20,8
DA:21,10
DA:22,10
DA:23,48
DA:27,48
DA:28,48
DA:29,48
DA:30,127
DA:32,127
DA:33,109
DA:34,6
DA:36,86
DA:39,37
DA:42,42
DA:43,42
DA:44,4
DA:48,10
DA:56,8
DA:57,8
DA:58,14313
DA:59,14302
DA:60,4050
DA:61,4049
DA:63,14300
DA:65,491
DA:66,491
DA:67,8
DA:70,8
DA:73,1047
DA:80,8
DA:81,337
DA:82,337
DA:83,210
DA:84,66
DA:85,271
DA:86,13
DA:87,53
DA:88,13
DA:90,337
DA:91,337
DA:94,18
DA:96,8
DA:97,8
DA:98,8
DA:99,19
DA:102,8
DA:109,8
DA:114,7
DA:115,19
DA:116,7
DA:117,7
DA:118,7
DA:119,19
DA:120,19
DA:121,18
DA:122,18
DA:126,49
DA:127,49
DA:128,18
DA:129,18
DA:130,18
DA:132,31
DA:133,31
DA:136,7
LF:68
LH:68
BRDA:32,0,0,92
BRDA:33,1,0,6
BRDA:39,2,0,35
BRDA:39,2,1,4
BRDA:58,3,0,11
BRDA:59,4,0,4050
BRDA:60,5,0,1
BRDA:60,6,0,4050
BRDA:60,6,1,1
BRDA:61,7,0,1
BRDA:61,8,0,4049
BRDA:61,8,1,1
BRDA:63,9,0,95
BRDA:65,10,0,491
BRDA:73,11,0,1047
BRDA:73,11,1,253
BRDA:82,12,0,66
BRDA:82,12,1,271
BRDA:85,13,0,13
BRDA:90,14,0,337
BRDA:90,14,1,79
BRDA:112,15,0,7
BRDA:120,16,0,1
BRDA:127,17,0,18
BRDA:132,18,0,23
BRF:25
BRH:25
end_of_record
